#
# There is insufficient memory for the Java Runtime Environment to continue.
# Native memory allocation (malloc) failed to allocate 134176 bytes for Chunk::new
# Possible reasons:
#   The system is out of physical RAM or swap space
#   In 32 bit mode, the process size limit was hit
# Possible solutions:
#   Reduce memory load on the system
#   Increase physical memory or swap space
#   Check if swap backing store is full
#   Use 64 bit Java on a 64 bit OS
#   Decrease Java heap size (-Xmx/-Xms)
#   Decrease number of Java threads
#   Decrease Java thread stack sizes (-Xss)
#   Set larger code cache with -XX:ReservedCodeCacheSize=
# This output file may be truncated or incomplete.
#
#  Out of Memory Error (allocation.cpp:390), pid=10008, tid=0x000000000000438c
#
# JRE version: Java(TM) SE Runtime Environment (8.0_181-b13) (build 1.8.0_181-b13)
# Java VM: Java HotSpot(TM) 64-Bit Server VM (25.181-b13 mixed mode windows-amd64 compressed oops)
# Failed to write core dump. Minidumps are not enabled by default on client versions of Windows
#

---------------  T H R E A D  ---------------

Current thread (0x00000000178d0000):  JavaThread "C2 CompilerThread0" daemon [_thread_in_native, id=17292, stack(0x0000000018f40000,0x0000000019040000)]

Stack: [0x0000000018f40000,0x0000000019040000]
[error occurred during error reporting (printing stack bounds), id 0xc0000005]

Native frames: (J=compiled Java code, j=interpreted, Vv=VM code, C=native code)


Current CompileTask:
C2:    906 1066       4       sun.reflect.generics.parser.SignatureParser::parseIdentifier (115 bytes)


---------------  P R O C E S S  ---------------

Java Threads: ( => current thread )
  0x000000001792d800 JavaThread "Service Thread" daemon [_thread_blocked, id=13692, stack(0x0000000019640000,0x0000000019740000)]
  0x0000000017906800 JavaThread "C1 CompilerThread2" daemon [_thread_blocked, id=12608, stack(0x0000000019140000,0x0000000019240000)]
  0x00000000178d3000 JavaThread "C2 CompilerThread1" daemon [_thread_in_native, id=15936, stack(0x0000000019040000,0x0000000019140000)]
=>0x00000000178d0000 JavaThread "C2 CompilerThread0" daemon [_thread_in_native, id=17292, stack(0x0000000018f40000,0x0000000019040000)]
  0x00000000178cd800 JavaThread "Attach Listener" daemon [_thread_blocked, id=6896, stack(0x0000000018e40000,0x0000000018f40000)]
  0x00000000178c9800 JavaThread "Signal Dispatcher" daemon [_thread_blocked, id=10120, stack(0x0000000018d40000,0x0000000018e40000)]
  0x0000000002d9c800 JavaThread "Finalizer" daemon [_thread_blocked, id=9496, stack(0x0000000018b40000,0x0000000018c40000)]
  0x0000000002d91800 JavaThread "Reference Handler" daemon [_thread_blocked, id=6540, stack(0x0000000018a40000,0x0000000018b40000)]
  0x0000000002ca2800 JavaThread "main" [_thread_blocked, id=17260, stack(0x0000000002b00000,0x0000000002c00000)]

Other Threads:
  0x0000000017898800 VMThread [stack: 0x0000000018940000,0x0000000018a40000] [id=6652]
  0x000000001792e800 WatcherThread [stack: 0x0000000019740000,0x0000000019840000] [id=7872]

VM state:at safepoint (normal execution)

VM Mutex/Monitor currently owned by a thread:  ([mutex/lock_event])
[0x0000000002c9dcb0] Threads_lock - owner thread: 0x0000000017898800
[0x0000000002c9e0b0] Heap_lock - owner thread: 0x0000000002ca2800

Heap:
 PSYoungGen      total 38400K, used 35630K [0x00000000d5f00000, 0x00000000d8980000, 0x0000000100000000)
  eden space 33280K, 91% used [0x00000000d5f00000,0x00000000d7ccc778,0x00000000d7f80000)
  from space 5120K, 99% used [0x00000000d7f80000,0x00000000d847f140,0x00000000d8480000)
  to   space 5120K, 11% used [0x00000000d8480000,0x00000000d8510000,0x00000000d8980000)
 ParOldGen       total 87552K, used 198K [0x0000000081c00000, 0x0000000087180000, 0x00000000d5f00000)
  object space 87552K, 0% used [0x0000000081c00000,0x0000000081c31830,0x0000000087180000)
 Metaspace       used 11606K, capacity 11720K, committed 11904K, reserved 1062912K
  class space    used 1450K, capacity 1540K, committed 1664K, reserved 1048576K

Card table byte_map: [0x0000000012160000,0x0000000012560000] byte_map_base: 0x0000000011d52000

Marking Bits: (ParMarkBitMap*) 0x0000000057782d00
 Begin Bits: [0x0000000012c10000, 0x0000000014ba0000)
 End Bits:   [0x0000000014ba0000, 0x0000000016b30000)

Polling page: 0x00000000012d0000

CodeCache: size=245760Kb used=4150Kb max_used=4160Kb free=241609Kb
 bounds [0x0000000002da0000, 0x00000000031c0000, 0x0000000011da0000]
 total_blobs=1383 nmethods=1065 adapters=230
 compilation: enabled

Compilation events (10 events):
Event: 0.893 Thread 0x00000000178d0000 nmethod 1060 0x00000000031a1310 code [0x00000000031a1460, 0x00000000031a1578]
Event: 0.894 Thread 0x0000000017906800 nmethod 1061 0x00000000031a0ed0 code [0x00000000031a1040, 0x00000000031a1268]
Event: 0.896 Thread 0x00000000178d3000 1063   !   4       java.util.concurrent.ConcurrentHashMap::transfer (832 bytes)
Event: 0.896 Thread 0x0000000017906800 1064       3       java.util.HashMap::putMapEntries (154 bytes)
Event: 0.897 Thread 0x0000000017906800 nmethod 1064 0x00000000031a1710 code [0x00000000031a1980, 0x00000000031a26e8]
Event: 0.897 Thread 0x0000000017906800 1065       3       com.google.common.collect.ImmutableCollection$ArrayBasedBuilder::<init> (25 bytes)
Event: 0.897 Thread 0x0000000017906800 nmethod 1065 0x00000000031b44d0 code [0x00000000031b4640, 0x00000000031b4948]
Event: 0.901 Thread 0x00000000178d0000 1066       4       sun.reflect.generics.parser.SignatureParser::parseIdentifier (115 bytes)
Event: 0.902 Thread 0x0000000017906800 1067       1       com.google.common.collect.ImmutableMapEntry$NonTerminalImmutableMapEntry::getNextInKeyBucket (5 bytes)
Event: 0.902 Thread 0x0000000017906800 nmethod 1067 0x00000000031a0890 code [0x00000000031a09e0, 0x00000000031a0af0]

GC Heap History (2 events):
Event: 0.595 GC heap before
{Heap before GC invocations=1 (full 0):
 PSYoungGen      total 38400K, used 33280K [0x00000000d5f00000, 0x00000000d8980000, 0x0000000100000000)
  eden space 33280K, 100% used [0x00000000d5f00000,0x00000000d7f80000,0x00000000d7f80000)
  from space 5120K, 0% used [0x00000000d8480000,0x00000000d8480000,0x00000000d8980000)
  to   space 5120K, 0% used [0x00000000d7f80000,0x00000000d7f80000,0x00000000d8480000)
 ParOldGen       total 87552K, used 0K [0x0000000081c00000, 0x0000000087180000, 0x00000000d5f00000)
  object space 87552K, 0% used [0x0000000081c00000,0x0000000081c00000,0x0000000087180000)
 Metaspace       used 8337K, capacity 8476K, committed 8576K, reserved 1056768K
  class space    used 1030K, capacity 1080K, committed 1152K, reserved 1048576K
Event: 0.599 GC heap after
Heap after GC invocations=1 (full 0):
 PSYoungGen      total 38400K, used 5116K [0x00000000d5f00000, 0x00000000d8980000, 0x0000000100000000)
  eden space 33280K, 0% used [0x00000000d5f00000,0x00000000d5f00000,0x00000000d7f80000)
  from space 5120K, 99% used [0x00000000d7f80000,0x00000000d847f140,0x00000000d8480000)
  to   space 5120K, 0% used [0x00000000d8480000,0x00000000d8480000,0x00000000d8980000)
 ParOldGen       total 87552K, used 190K [0x0000000081c00000, 0x0000000087180000, 0x00000000d5f00000)
  object space 87552K, 0% used [0x0000000081c00000,0x0000000081c2f830,0x0000000087180000)
 Metaspace       used 8337K, capacity 8476K, committed 8576K, reserved 1056768K
  class space    used 1030K, capacity 1080K, committed 1152K, reserved 1048576K
}

Deoptimization events (8 events):
Event: 0.249 Thread 0x0000000002ca2800 Uncommon trap: reason=unstable_if action=reinterpret pc=0x0000000002f4b4e4 method=org.codehaus.plexus.util.xml.pull.MXParser.more()C @ 8
Event: 0.307 Thread 0x0000000002ca2800 Uncommon trap: reason=unstable_if action=reinterpret pc=0x0000000002f452d8 method=java.lang.String.indexOf([CII[CIII)I @ 3
Event: 0.494 Thread 0x0000000002ca2800 Uncommon trap: reason=unstable_if action=reinterpret pc=0x0000000003044114 method=java.nio.charset.CoderResult.isOverflow()Z @ 5
Event: 0.523 Thread 0x0000000002ca2800 Uncommon trap: reason=unstable_if action=reinterpret pc=0x0000000003050828 method=sun.nio.cs.StreamDecoder.implRead([CII)I @ 71
Event: 0.557 Thread 0x0000000002ca2800 Uncommon trap: reason=unstable_if action=reinterpret pc=0x000000000304b2a8 method=org.codehaus.plexus.util.xml.pull.MXParser.nextImpl()I @ 241
Event: 0.611 Thread 0x0000000002ca2800 Uncommon trap: reason=unstable_if action=reinterpret pc=0x0000000002ffac78 method=java.util.HashMap.getNode(ILjava/lang/Object;)Ljava/util/HashMap$Node; @ 129
Event: 0.613 Thread 0x0000000002ca2800 Uncommon trap: reason=unstable_if action=reinterpret pc=0x0000000003000ec0 method=java.util.HashMap.getNode(ILjava/lang/Object;)Ljava/util/HashMap$Node; @ 129
Event: 0.623 Thread 0x0000000002ca2800 Uncommon trap: reason=range_check action=make_not_entrant pc=0x00000000030c1560 method=sun.reflect.generics.parser.SignatureParser.current()C @ 34

Classes redefined (0 events):
No events

Internal exceptions (10 events):
Event: 0.186 Thread 0x0000000002ca2800 Exception <a 'java/security/PrivilegedActionException'> (0x00000000d6344a30) thrown at [C:\re\workspace\8-2-build-windows-amd64-cygwin\jdk8u181\11358\hotspot\src\share\vm\prims\jvm.cpp, line 1435]
Event: 0.439 Thread 0x0000000002ca2800 Exception <a 'java/lang/ArrayIndexOutOfBoundsException'> (0x00000000d7257618) thrown at [C:\re\workspace\8-2-build-windows-amd64-cygwin\jdk8u181\11358\hotspot\src\share\vm\runtime\sharedRuntime.cpp, line 605]
Event: 0.442 Thread 0x0000000002ca2800 Exception <a 'java/lang/ArrayIndexOutOfBoundsException'> (0x00000000d7274400) thrown at [C:\re\workspace\8-2-build-windows-amd64-cygwin\jdk8u181\11358\hotspot\src\share\vm\runtime\sharedRuntime.cpp, line 605]
Event: 0.449 Thread 0x0000000002ca2800 Exception <a 'java/lang/ArrayIndexOutOfBoundsException'> (0x00000000d72d6ad0) thrown at [C:\re\workspace\8-2-build-windows-amd64-cygwin\jdk8u181\11358\hotspot\src\share\vm\runtime\sharedRuntime.cpp, line 605]
Event: 0.559 Thread 0x0000000002ca2800 Exception <a 'java/lang/ArrayIndexOutOfBoundsException'> (0x00000000d7d998d0) thrown at [C:\re\workspace\8-2-build-windows-amd64-cygwin\jdk8u181\11358\hotspot\src\share\vm\runtime\sharedRuntime.cpp, line 605]
Event: 0.560 Thread 0x0000000002ca2800 Exception <a 'java/lang/ArrayIndexOutOfBoundsException'> (0x00000000d7d9b460) thrown at [C:\re\workspace\8-2-build-windows-amd64-cygwin\jdk8u181\11358\hotspot\src\share\vm\runtime\sharedRuntime.cpp, line 605]
Event: 0.610 Thread 0x0000000002ca2800 Exception <a 'java/lang/ArrayIndexOutOfBoundsException'> (0x00000000d603af18) thrown at [C:\re\workspace\8-2-build-windows-amd64-cygwin\jdk8u181\11358\hotspot\src\share\vm\runtime\sharedRuntime.cpp, line 605]
Event: 0.623 Thread 0x0000000002ca2800 Exception <a 'java/lang/ArrayIndexOutOfBoundsException': 66> (0x00000000d6164d00) thrown at [C:\re\workspace\8-2-build-windows-amd64-cygwin\jdk8u181\11358\hotspot\src\share\vm\interpreter\interpreterRuntime.cpp, line 366]
Event: 0.627 Thread 0x0000000002ca2800 Exception <a 'java/lang/ArrayIndexOutOfBoundsException': 85> (0x00000000d61c69e8) thrown at [C:\re\workspace\8-2-build-windows-amd64-cygwin\jdk8u181\11358\hotspot\src\share\vm\interpreter\interpreterRuntime.cpp, line 366]
Event: 0.628 Thread 0x0000000002ca2800 Exception <a 'java/lang/ArrayIndexOutOfBoundsException'> (0x00000000d61cd708) thrown at [C:\re\workspace\8-2-build-windows-amd64-cygwin\jdk8u181\11358\hotspot\src\share\vm\runtime\sharedRuntime.cpp, line 605]

Events (10 events):
Event: 0.902 loading class org/eclipse/aether/repository/LocalRepositoryManager
Event: 0.902 loading class org/eclipse/aether/repository/LocalRepositoryManager done
Event: 0.902 loading class org/eclipse/aether/repository/LocalRepository
Event: 0.902 loading class org/eclipse/aether/repository/LocalRepository done
Event: 0.903 loading class org/eclipse/aether/transfer/MetadataNotFoundException
Event: 0.903 loading class org/eclipse/aether/transfer/MetadataNotFoundException done
Event: 0.904 loading class org/eclipse/aether/spi/io/FileProcessor$ProgressListener
Event: 0.904 loading class org/eclipse/aether/spi/io/FileProcessor$ProgressListener done
Event: 0.904 loading class org/eclipse/aether/transfer/ArtifactNotFoundException
Event: 0.904 loading class org/eclipse/aether/transfer/ArtifactNotFoundException done


Dynamic libraries:
0x00007ff7beac0000 - 0x00007ff7beaf7000 	C:\Program Files\Java\jdk1.8.0_181\bin\java.exe
0x00007fff3a470000 - 0x00007fff3a65d000 	C:\WINDOWS\SYSTEM32\ntdll.dll
0x00007fff3a2c0000 - 0x00007fff3a373000 	C:\WINDOWS\System32\KERNEL32.DLL
0x00007fff36630000 - 0x00007fff368c3000 	C:\WINDOWS\System32\KERNELBASE.dll
0x00007fff37b30000 - 0x00007fff37bd3000 	C:\WINDOWS\System32\ADVAPI32.dll
0x00007fff37eb0000 - 0x00007fff37f4e000 	C:\WINDOWS\System32\msvcrt.dll
0x00007fff3a380000 - 0x00007fff3a41e000 	C:\WINDOWS\System32\sechost.dll
0x00007fff39c90000 - 0x00007fff39db2000 	C:\WINDOWS\System32\RPCRT4.dll
0x00007fff37690000 - 0x00007fff37827000 	C:\WINDOWS\System32\USER32.dll
0x00007fff36af0000 - 0x00007fff36b10000 	C:\WINDOWS\System32\win32u.dll
0x00007fff37830000 - 0x00007fff37859000 	C:\WINDOWS\System32\GDI32.dll
0x00007fff368d0000 - 0x00007fff36a69000 	C:\WINDOWS\System32\gdi32full.dll
0x00007fff36530000 - 0x00007fff365d0000 	C:\WINDOWS\System32\msvcp_win.dll
0x00007fff37590000 - 0x00007fff3768a000 	C:\WINDOWS\System32\ucrtbase.dll
0x00007fff26e20000 - 0x00007fff27099000 	C:\WINDOWS\WinSxS\amd64_microsoft.windows.common-controls_6595b64144ccf1df_6.0.17763.737_none_05b6437c071e554b\COMCTL32.dll
0x00007fff38190000 - 0x00007fff384bc000 	C:\WINDOWS\System32\combase.dll
0x00007fff36a70000 - 0x00007fff36aee000 	C:\WINDOWS\System32\bcryptPrimitives.dll
0x00007fff379c0000 - 0x00007fff379ee000 	C:\WINDOWS\System32\IMM32.DLL
0x0000000057810000 - 0x00000000578e2000 	C:\Program Files\Java\jdk1.8.0_181\jre\bin\msvcr100.dll
0x0000000056f60000 - 0x0000000057802000 	C:\Program Files\Java\jdk1.8.0_181\jre\bin\server\jvm.dll
0x00007fff39c80000 - 0x00007fff39c88000 	C:\WINDOWS\System32\PSAPI.DLL
0x00007fff28110000 - 0x00007fff2811a000 	C:\WINDOWS\SYSTEM32\VERSION.dll
0x00007fff34690000 - 0x00007fff346b4000 	C:\WINDOWS\SYSTEM32\WINMM.dll
0x00007fff09a10000 - 0x00007fff09a19000 	C:\WINDOWS\SYSTEM32\WSOCK32.dll
0x00007fff3a250000 - 0x00007fff3a2bd000 	C:\WINDOWS\System32\WS2_32.dll
0x00007fff34660000 - 0x00007fff3468d000 	C:\WINDOWS\SYSTEM32\WINMMBASE.dll
0x00007fff36b10000 - 0x00007fff36b5a000 	C:\WINDOWS\System32\cfgmgr32.dll
0x0000000056f50000 - 0x0000000056f5f000 	C:\Program Files\Java\jdk1.8.0_181\jre\bin\verify.dll
0x0000000056f20000 - 0x0000000056f49000 	C:\Program Files\Java\jdk1.8.0_181\jre\bin\java.dll
0x0000000056f00000 - 0x0000000056f16000 	C:\Program Files\Java\jdk1.8.0_181\jre\bin\zip.dll
0x00007fff384c0000 - 0x00007fff399b2000 	C:\WINDOWS\System32\SHELL32.dll
0x00007fff399c0000 - 0x00007fff39a68000 	C:\WINDOWS\System32\shcore.dll
0x00007fff36d90000 - 0x00007fff374da000 	C:\WINDOWS\System32\windows.storage.dll
0x00007fff364e0000 - 0x00007fff36504000 	C:\WINDOWS\System32\profapi.dll
0x00007fff36480000 - 0x00007fff364dd000 	C:\WINDOWS\System32\powrprof.dll
0x00007fff379f0000 - 0x00007fff37a42000 	C:\WINDOWS\System32\shlwapi.dll
0x00007fff36460000 - 0x00007fff36471000 	C:\WINDOWS\System32\kernel.appcore.dll
0x00007fff36d70000 - 0x00007fff36d87000 	C:\WINDOWS\System32\cryptsp.dll
0x00007fff32c40000 - 0x00007fff32c4a000 	D:\Vipul\Softwares\apache-maven-3.5.4\lib\jansi-native\windows64\jansi.dll

VM Arguments:
jvm_args: -Dclassworlds.conf=D:\Vipul\Softwares\apache-maven-3.5.4\bin\..\bin\m2.conf -Dmaven.home=D:\Vipul\Softwares\apache-maven-3.5.4\bin\.. -Dlibrary.jansi.path=D:\Vipul\Softwares\apache-maven-3.5.4\bin\..\lib\jansi-native -Dmaven.multiModuleProjectDirectory=D:\DhyanPraveShika_home\GIT_HUB_CODE\git-github\dhyan-praveshika 
java_command: org.codehaus.plexus.classworlds.launcher.Launcher clean install
java_class_path (initial): D:\Vipul\Softwares\apache-maven-3.5.4\bin\..\boot\plexus-classworlds-2.5.2.jar
Launcher Type: SUN_STANDARD

Environment Variables:
JAVA_HOME=C:\Program Files\Java\jdk1.8.0_181
JRE_HOME=C:\Program Files\Java\jre1.8.0_211
PATH=C:\Python27\;C:\Python27\Scripts;C:\Program Files (x86)\Common Files\Oracle\Java\javapath;C:\WINDOWS\system32;C:\WINDOWS;C:\WINDOWS\System32\Wbem;C:\WINDOWS\System32\WindowsPowerShell\v1.0\;C:\WINDOWS\System32\OpenSSH\;C:\Program Files\PuTTY\;C:\Program Files\Git\cmd;C:\ProgramData\chocolatey\bin;C:\Program Files\TortoiseGit\bin;C:\Program Files\nodejs\;C:\Users\vipul\AppData\Local\Microsoft\WindowsApps;C:\Users\vipul\AppData\Local\Programs\Microsoft VS Code\bin;D:\Vipul\Softwares\apache-maven-3.5.4\bin;C:\Program Files\nodejs\node_modules\npm\bin;C:\Users\vipul\AppData\Roaming\npm
USERNAME=vipul
OS=Windows_NT
PROCESSOR_IDENTIFIER=Intel64 Family 6 Model 42 Stepping 7, GenuineIntel



---------------  S Y S T E M  ---------------

OS: Windows 10.0 , 64 bit Build 17763 (10.0.17763.475)

CPU:total 4 (initial active 4) (4 cores per cpu, 1 threads per core) family 6 model 42 stepping 7, cmov, cx8, fxsr, mmx, sse, sse2, sse3, ssse3, sse4.1, sse4.2, popcnt, avx, aes, clmul, tsc, tscinvbit

Memory: 4k page, physical 8266800k(496080k free), swap 12330032k(2372k free)

vm_info: Java HotSpot(TM) 64-Bit Server VM (25.181-b13) for windows-amd64 JRE (1.8.0_181-b13), built on Jul  7 2018 04:01:33 by "java_re" with MS VC++ 10.0 (VS2010)

time: Tue Sep 24 15:09:20 2019
elapsed time: 0 seconds (0d 0h 0m 0s)

