#
# There is insufficient memory for the Java Runtime Environment to continue.
# Native memory allocation (malloc) failed to allocate 1081376 bytes for Chunk::new
# Possible reasons:
#   The system is out of physical RAM or swap space
#   In 32 bit mode, the process size limit was hit
# Possible solutions:
#   Reduce memory load on the system
#   Increase physical memory or swap space
#   Check if swap backing store is full
#   Use 64 bit Java on a 64 bit OS
#   Decrease Java heap size (-Xmx/-Xms)
#   Decrease number of Java threads
#   Decrease Java thread stack sizes (-Xss)
#   Set larger code cache with -XX:ReservedCodeCacheSize=
# This output file may be truncated or incomplete.
#
#  Out of Memory Error (allocation.cpp:390), pid=16232, tid=0x0000000000002cd4
#
# JRE version: Java(TM) SE Runtime Environment (8.0_181-b13) (build 1.8.0_181-b13)
# Java VM: Java HotSpot(TM) 64-Bit Server VM (25.181-b13 mixed mode windows-amd64 compressed oops)
# Failed to write core dump. Minidumps are not enabled by default on client versions of Windows
#

---------------  T H R E A D  ---------------

Current thread (0x0000000016f43000):  JavaThread "C2 CompilerThread1" daemon [_thread_in_native, id=11476, stack(0x0000000018690000,0x0000000018790000)]

Stack: [0x0000000018690000,0x0000000018790000]
[error occurred during error reporting (printing stack bounds), id 0xc0000005]

Native frames: (J=compiled Java code, j=interpreted, Vv=VM code, C=native code)


Current CompileTask:
C2:   2149 2462   !   4       org.codehaus.plexus.interpolation.StringSearchInterpolator::interpolate (650 bytes)


---------------  P R O C E S S  ---------------

Java Threads: ( => current thread )
  0x00000000188bd000 JavaThread "Service Thread" daemon [_thread_blocked, id=18344, stack(0x0000000018c90000,0x0000000018d90000)]
  0x0000000016f46000 JavaThread "C1 CompilerThread2" daemon [_thread_blocked, id=12244, stack(0x0000000018790000,0x0000000018890000)]
=>0x0000000016f43000 JavaThread "C2 CompilerThread1" daemon [_thread_in_native, id=11476, stack(0x0000000018690000,0x0000000018790000)]
  0x0000000016f40000 JavaThread "C2 CompilerThread0" daemon [_thread_in_native, id=7796, stack(0x0000000018590000,0x0000000018690000)]
  0x0000000016f3d800 JavaThread "Attach Listener" daemon [_thread_blocked, id=7024, stack(0x0000000018490000,0x0000000018590000)]
  0x0000000016f39800 JavaThread "Signal Dispatcher" daemon [_thread_blocked, id=216, stack(0x0000000018390000,0x0000000018490000)]
  0x000000000237c800 JavaThread "Finalizer" daemon [_thread_blocked, id=16496, stack(0x0000000018190000,0x0000000018290000)]
  0x0000000002371800 JavaThread "Reference Handler" daemon [_thread_blocked, id=2956, stack(0x0000000018090000,0x0000000018190000)]
  0x0000000002282800 JavaThread "main" [_thread_in_Java, id=4196, stack(0x0000000000960000,0x0000000000a60000)]

Other Threads:
  0x0000000016f08800 VMThread [stack: 0x0000000017f90000,0x0000000018090000] [id=13124]
  0x00000000188df000 WatcherThread [stack: 0x0000000018d90000,0x0000000018e90000] [id=12344]

VM state:not at safepoint (normal execution)

VM Mutex/Monitor currently owned by a thread: None

Heap:
 PSYoungGen      total 38400K, used 26972K [0x00000000d5f00000, 0x00000000d8980000, 0x0000000100000000)
  eden space 33280K, 65% used [0x00000000d5f00000,0x00000000d74570d0,0x00000000d7f80000)
  from space 5120K, 100% used [0x00000000d8480000,0x00000000d8980000,0x00000000d8980000)
  to   space 5120K, 0% used [0x00000000d7f80000,0x00000000d7f80000,0x00000000d8480000)
 ParOldGen       total 57344K, used 10596K [0x0000000081c00000, 0x0000000085400000, 0x00000000d5f00000)
  object space 57344K, 18% used [0x0000000081c00000,0x00000000826591f8,0x0000000085400000)
 Metaspace       used 15668K, capacity 15928K, committed 16128K, reserved 1064960K
  class space    used 1875K, capacity 1980K, committed 2048K, reserved 1048576K

Card table byte_map: [0x00000000117d0000,0x0000000011bd0000] byte_map_base: 0x00000000113c2000

Marking Bits: (ParMarkBitMap*) 0x0000000057782d00
 Begin Bits: [0x0000000012280000, 0x0000000014210000)
 End Bits:   [0x0000000014210000, 0x00000000161a0000)

Polling page: 0x0000000000470000

CodeCache: size=245760Kb used=9235Kb max_used=9235Kb free=236524Kb
 bounds [0x0000000002410000, 0x0000000002d20000, 0x0000000011410000]
 total_blobs=3074 nmethods=2718 adapters=268
 compilation: enabled

Compilation events (10 events):
Event: 2.133 Thread 0x0000000016f46000 2731       3       org.eclipse.aether.repository.RemoteRepository::getPolicy (16 bytes)
Event: 2.133 Thread 0x0000000016f46000 nmethod 2731 0x0000000002d1ac50 code [0x0000000002d1ada0, 0x0000000002d1af50]
Event: 2.133 Thread 0x0000000016f46000 2729       3       org.apache.maven.model.ModelBase::setPluginRepositories (6 bytes)
Event: 2.133 Thread 0x0000000016f46000 nmethod 2729 0x0000000002d1afd0 code [0x0000000002d1b120, 0x0000000002d1b290]
Event: 2.133 Thread 0x0000000016f46000 2730       1       org.apache.maven.model.Organization::getUrl (5 bytes)
Event: 2.133 Thread 0x0000000016f46000 nmethod 2730 0x0000000002d1b310 code [0x0000000002d1b460, 0x0000000002d1b570]
Event: 2.140 Thread 0x0000000016f46000 2732       3       java.io.File::isDirectory (43 bytes)
Event: 2.141 Thread 0x0000000016f46000 nmethod 2732 0x0000000002d1b5d0 code [0x0000000002d1b760, 0x0000000002d1bbe8]
Event: 2.147 Thread 0x0000000016f46000 2733       3       java.util.LinkedHashSet::<init> (27 bytes)
Event: 2.147 Thread 0x0000000016f46000 nmethod 2733 0x0000000002d1bd10 code [0x0000000002d1bf00, 0x0000000002d1c548]

GC Heap History (10 events):
Event: 1.116 GC heap before
{Heap before GC invocations=3 (full 0):
 PSYoungGen      total 38400K, used 13220K [0x00000000d5f00000, 0x00000000d8980000, 0x0000000100000000)
  eden space 33280K, 24% used [0x00000000d5f00000,0x00000000d66eff28,0x00000000d7f80000)
  from space 5120K, 99% used [0x00000000d8480000,0x00000000d89792c8,0x00000000d8980000)
  to   space 5120K, 0% used [0x00000000d7f80000,0x00000000d7f80000,0x00000000d8480000)
 ParOldGen       total 87552K, used 1857K [0x0000000081c00000, 0x0000000087180000, 0x00000000d5f00000)
  object space 87552K, 2% used [0x0000000081c00000,0x0000000081dd0718,0x0000000087180000)
 Metaspace       used 12736K, capacity 12884K, committed 13056K, reserved 1064960K
  class space    used 1622K, capacity 1734K, committed 1792K, reserved 1048576K
Event: 1.119 GC heap after
Heap after GC invocations=3 (full 0):
 PSYoungGen      total 38400K, used 4211K [0x00000000d5f00000, 0x00000000d8980000, 0x0000000100000000)
  eden space 33280K, 0% used [0x00000000d5f00000,0x00000000d5f00000,0x00000000d7f80000)
  from space 5120K, 82% used [0x00000000d7f80000,0x00000000d839ce20,0x00000000d8480000)
  to   space 5120K, 0% used [0x00000000d8480000,0x00000000d8480000,0x00000000d8980000)
 ParOldGen       total 87552K, used 1865K [0x0000000081c00000, 0x0000000087180000, 0x00000000d5f00000)
  object space 87552K, 2% used [0x0000000081c00000,0x0000000081dd2718,0x0000000087180000)
 Metaspace       used 12736K, capacity 12884K, committed 13056K, reserved 1064960K
  class space    used 1622K, capacity 1734K, committed 1792K, reserved 1048576K
}
Event: 1.119 GC heap before
{Heap before GC invocations=4 (full 1):
 PSYoungGen      total 38400K, used 4211K [0x00000000d5f00000, 0x00000000d8980000, 0x0000000100000000)
  eden space 33280K, 0% used [0x00000000d5f00000,0x00000000d5f00000,0x00000000d7f80000)
  from space 5120K, 82% used [0x00000000d7f80000,0x00000000d839ce20,0x00000000d8480000)
  to   space 5120K, 0% used [0x00000000d8480000,0x00000000d8480000,0x00000000d8980000)
 ParOldGen       total 87552K, used 1865K [0x0000000081c00000, 0x0000000087180000, 0x00000000d5f00000)
  object space 87552K, 2% used [0x0000000081c00000,0x0000000081dd2718,0x0000000087180000)
 Metaspace       used 12736K, capacity 12884K, committed 13056K, reserved 1064960K
  class space    used 1622K, capacity 1734K, committed 1792K, reserved 1048576K
Event: 1.138 GC heap after
Heap after GC invocations=4 (full 1):
 PSYoungGen      total 38400K, used 0K [0x00000000d5f00000, 0x00000000d8980000, 0x0000000100000000)
  eden space 33280K, 0% used [0x00000000d5f00000,0x00000000d5f00000,0x00000000d7f80000)
  from space 5120K, 0% used [0x00000000d7f80000,0x00000000d7f80000,0x00000000d8480000)
  to   space 5120K, 0% used [0x00000000d8480000,0x00000000d8480000,0x00000000d8980000)
 ParOldGen       total 57344K, used 4061K [0x0000000081c00000, 0x0000000085400000, 0x00000000d5f00000)
  object space 57344K, 7% used [0x0000000081c00000,0x0000000081ff74c8,0x0000000085400000)
 Metaspace       used 12736K, capacity 12884K, committed 13056K, reserved 1062912K
  class space    used 1622K, capacity 1734K, committed 1792K, reserved 1048576K
}
Event: 1.538 GC heap before
{Heap before GC invocations=5 (full 1):
 PSYoungGen      total 38400K, used 33280K [0x00000000d5f00000, 0x00000000d8980000, 0x0000000100000000)
  eden space 33280K, 100% used [0x00000000d5f00000,0x00000000d7f80000,0x00000000d7f80000)
  from space 5120K, 0% used [0x00000000d7f80000,0x00000000d7f80000,0x00000000d8480000)
  to   space 5120K, 0% used [0x00000000d8480000,0x00000000d8480000,0x00000000d8980000)
 ParOldGen       total 57344K, used 4061K [0x0000000081c00000, 0x0000000085400000, 0x00000000d5f00000)
  object space 57344K, 7% used [0x0000000081c00000,0x0000000081ff74c8,0x0000000085400000)
 Metaspace       used 14896K, capacity 15144K, committed 15360K, reserved 1062912K
  class space    used 1836K, capacity 1940K, committed 2048K, reserved 1048576K
Event: 1.543 GC heap after
Heap after GC invocations=5 (full 1):
 PSYoungGen      total 38400K, used 5112K [0x00000000d5f00000, 0x00000000d8980000, 0x0000000100000000)
  eden space 33280K, 0% used [0x00000000d5f00000,0x00000000d5f00000,0x00000000d7f80000)
  from space 5120K, 99% used [0x00000000d8480000,0x00000000d897e2f8,0x00000000d8980000)
  to   space 5120K, 0% used [0x00000000d7f80000,0x00000000d7f80000,0x00000000d8480000)
 ParOldGen       total 57344K, used 4621K [0x0000000081c00000, 0x0000000085400000, 0x00000000d5f00000)
  object space 57344K, 8% used [0x0000000081c00000,0x0000000082083498,0x0000000085400000)
 Metaspace       used 14896K, capacity 15144K, committed 15360K, reserved 1062912K
  class space    used 1836K, capacity 1940K, committed 2048K, reserved 1048576K
}
Event: 1.848 GC heap before
{Heap before GC invocations=6 (full 1):
 PSYoungGen      total 38400K, used 38392K [0x00000000d5f00000, 0x00000000d8980000, 0x0000000100000000)
  eden space 33280K, 100% used [0x00000000d5f00000,0x00000000d7f80000,0x00000000d7f80000)
  from space 5120K, 99% used [0x00000000d8480000,0x00000000d897e2f8,0x00000000d8980000)
  to   space 5120K, 0% used [0x00000000d7f80000,0x00000000d7f80000,0x00000000d8480000)
 ParOldGen       total 57344K, used 4621K [0x0000000081c00000, 0x0000000085400000, 0x00000000d5f00000)
  object space 57344K, 8% used [0x0000000081c00000,0x0000000082083498,0x0000000085400000)
 Metaspace       used 15396K, capacity 15630K, committed 15872K, reserved 1064960K
  class space    used 1867K, capacity 1973K, committed 2048K, reserved 1048576K
Event: 1.855 GC heap after
Heap after GC invocations=6 (full 1):
 PSYoungGen      total 38400K, used 5120K [0x00000000d5f00000, 0x00000000d8980000, 0x0000000100000000)
  eden space 33280K, 0% used [0x00000000d5f00000,0x00000000d5f00000,0x00000000d7f80000)
  from space 5120K, 100% used [0x00000000d7f80000,0x00000000d8480000,0x00000000d8480000)
  to   space 5120K, 0% used [0x00000000d8480000,0x00000000d8480000,0x00000000d8980000)
 ParOldGen       total 57344K, used 7645K [0x0000000081c00000, 0x0000000085400000, 0x00000000d5f00000)
  object space 57344K, 13% used [0x0000000081c00000,0x00000000823777e0,0x0000000085400000)
 Metaspace       used 15396K, capacity 15630K, committed 15872K, reserved 1064960K
  class space    used 1867K, capacity 1973K, committed 2048K, reserved 1048576K
}
Event: 2.023 GC heap before
{Heap before GC invocations=7 (full 1):
 PSYoungGen      total 38400K, used 38400K [0x00000000d5f00000, 0x00000000d8980000, 0x0000000100000000)
  eden space 33280K, 100% used [0x00000000d5f00000,0x00000000d7f80000,0x00000000d7f80000)
  from space 5120K, 100% used [0x00000000d7f80000,0x00000000d8480000,0x00000000d8480000)
  to   space 5120K, 0% used [0x00000000d8480000,0x00000000d8480000,0x00000000d8980000)
 ParOldGen       total 57344K, used 7645K [0x0000000081c00000, 0x0000000085400000, 0x00000000d5f00000)
  object space 57344K, 13% used [0x0000000081c00000,0x00000000823777e0,0x0000000085400000)
 Metaspace       used 15536K, capacity 15782K, committed 16128K, reserved 1064960K
  class space    used 1873K, capacity 1977K, committed 2048K, reserved 1048576K
Event: 2.032 GC heap after
Heap after GC invocations=7 (full 1):
 PSYoungGen      total 38400K, used 5120K [0x00000000d5f00000, 0x00000000d8980000, 0x0000000100000000)
  eden space 33280K, 0% used [0x00000000d5f00000,0x00000000d5f00000,0x00000000d7f80000)
  from space 5120K, 100% used [0x00000000d8480000,0x00000000d8980000,0x00000000d8980000)
  to   space 5120K, 0% used [0x00000000d7f80000,0x00000000d7f80000,0x00000000d8480000)
 ParOldGen       total 57344K, used 10596K [0x0000000081c00000, 0x0000000085400000, 0x00000000d5f00000)
  object space 57344K, 18% used [0x0000000081c00000,0x00000000826591f8,0x0000000085400000)
 Metaspace       used 15536K, capacity 15782K, committed 16128K, reserved 1064960K
  class space    used 1873K, capacity 1977K, committed 2048K, reserved 1048576K
}

Deoptimization events (10 events):
Event: 1.938 Thread 0x0000000002282800 Uncommon trap: reason=class_check action=maybe_recompile pc=0x0000000002bbe058 method=org.apache.maven.model.interpolation.StringSearchModelInterpolator$InterpolateObjectAction$MapField.doInterpolate(Ljava/lang/Object;Lorg/apache/maven/model/interpolation
Event: 1.949 Thread 0x0000000002282800 Uncommon trap: reason=unstable_if action=reinterpret pc=0x0000000002782048 method=java.io.WinNTFileSystem.normalize(Ljava/lang/String;)Ljava/lang/String; @ 128
Event: 1.973 Thread 0x0000000002282800 Uncommon trap: reason=class_check action=maybe_recompile pc=0x0000000002c4e020 method=org.codehaus.plexus.interpolation.MapBasedValueSource.getValue(Ljava/lang/String;)Ljava/lang/Object; @ 16
Event: 1.973 Thread 0x0000000002282800 Uncommon trap: reason=class_check action=maybe_recompile pc=0x0000000002c4e020 method=org.codehaus.plexus.interpolation.MapBasedValueSource.getValue(Ljava/lang/String;)Ljava/lang/Object; @ 16
Event: 1.974 Thread 0x0000000002282800 Uncommon trap: reason=class_check action=maybe_recompile pc=0x0000000002c4e020 method=org.codehaus.plexus.interpolation.MapBasedValueSource.getValue(Ljava/lang/String;)Ljava/lang/Object; @ 16
Event: 1.975 Thread 0x0000000002282800 Uncommon trap: reason=class_check action=maybe_recompile pc=0x0000000002bbe058 method=org.apache.maven.model.interpolation.StringSearchModelInterpolator$InterpolateObjectAction$MapField.doInterpolate(Ljava/lang/Object;Lorg/apache/maven/model/interpolation
Event: 2.005 Thread 0x0000000002282800 Uncommon trap: reason=predicate action=maybe_recompile pc=0x00000000026ba850 method=java.nio.charset.CharsetDecoder.decode(Ljava/nio/ByteBuffer;Ljava/nio/CharBuffer;Z)Ljava/nio/charset/CoderResult; @ 54
Event: 2.006 Thread 0x0000000002282800 Uncommon trap: reason=unstable_if action=reinterpret pc=0x0000000002c45b9c method=org.codehaus.plexus.util.xml.pull.MXParser.parseAttribute()C @ 995
Event: 2.067 Thread 0x0000000002282800 Uncommon trap: reason=null_check action=make_not_entrant pc=0x0000000002ccabc8 method=org.apache.maven.model.validation.DefaultModelValidator.validateEffectiveDependency(Lorg/apache/maven/model/building/ModelProblemCollector;Lorg/apache/maven/model/Depend
Event: 2.095 Thread 0x0000000002282800 Uncommon trap: reason=unstable_if action=reinterpret pc=0x0000000002be577c method=org.apache.maven.model.io.xpp3.MavenXpp3Reader.nextTag(Lorg/codehaus/plexus/util/xml/pull/XmlPullParser;)I @ 9

Classes redefined (0 events):
No events

Internal exceptions (10 events):
Event: 1.258 Thread 0x0000000002282800 Exception <a 'java/lang/NullPointerException'> (0x00000000d64d7bf8) thrown at [C:\re\workspace\8-2-build-windows-amd64-cygwin\jdk8u181\11358\hotspot\src\share\vm\interpreter\linkResolver.cpp, line 1185]
Event: 1.258 Thread 0x0000000002282800 Exception <a 'java/lang/NullPointerException'> (0x00000000d64d7e10) thrown at [C:\re\workspace\8-2-build-windows-amd64-cygwin\jdk8u181\11358\hotspot\src\share\vm\interpreter\linkResolver.cpp, line 1185]
Event: 1.258 Thread 0x0000000002282800 Exception <a 'java/lang/NullPointerException'> (0x00000000d64d8028) thrown at [C:\re\workspace\8-2-build-windows-amd64-cygwin\jdk8u181\11358\hotspot\src\share\vm\interpreter\linkResolver.cpp, line 1185]
Event: 1.287 Thread 0x0000000002282800 Implicit null exception at 0x00000000026730d4 to 0x0000000002673465
Event: 1.287 Thread 0x0000000002282800 Implicit null exception at 0x0000000002602fd6 to 0x0000000002603359
Event: 1.462 Thread 0x0000000002282800 Implicit null exception at 0x0000000002a4a38d to 0x0000000002a4b5ed
Event: 1.722 Thread 0x0000000002282800 Implicit null exception at 0x00000000027c7f95 to 0x00000000027c8165
Event: 1.722 Thread 0x0000000002282800 Implicit null exception at 0x00000000027a30af to 0x00000000027a3119
Event: 1.780 Thread 0x0000000002282800 Implicit null exception at 0x0000000002b96daf to 0x0000000002b96ff1
Event: 2.067 Thread 0x0000000002282800 Implicit null exception at 0x0000000002cc97e8 to 0x0000000002ccabad

Events (10 events):
Event: 2.067 Thread 0x0000000002282800 Uncommon trap: trap_request=0xfffffff4 fr.pc=0x0000000002ccabc8
Event: 2.067 Thread 0x0000000002282800 DEOPT PACKING pc=0x0000000002ccabc8 sp=0x0000000000a5cd20
Event: 2.067 Thread 0x0000000002282800 DEOPT UNPACKING pc=0x000000000245583b sp=0x0000000000a5cd10 mode 2
Event: 2.094 Thread 0x0000000002282800 DEOPT PACKING pc=0x0000000002c7dccd sp=0x0000000000a5cae0
Event: 2.094 Thread 0x0000000002282800 DEOPT UNPACKING pc=0x0000000002457890 sp=0x0000000000a5c830 mode 0
Event: 2.095 Thread 0x0000000002282800 Uncommon trap: trap_request=0xffffff65 fr.pc=0x0000000002be577c
Event: 2.095 Thread 0x0000000002282800 DEOPT PACKING pc=0x0000000002be577c sp=0x0000000000a5caf0
Event: 2.095 Thread 0x0000000002282800 DEOPT UNPACKING pc=0x000000000245583b sp=0x0000000000a5ca88 mode 2
Event: 2.105 Thread 0x0000000002282800 DEOPT PACKING pc=0x0000000002a8d9a7 sp=0x0000000000a5c3d0
Event: 2.105 Thread 0x0000000002282800 DEOPT UNPACKING pc=0x0000000002457890 sp=0x0000000000a5c1c8 mode 0


Dynamic libraries:
0x00007ff7beac0000 - 0x00007ff7beaf7000 	C:\Program Files\Java\jdk1.8.0_181\bin\java.exe
0x00007fff3a470000 - 0x00007fff3a65d000 	C:\WINDOWS\SYSTEM32\ntdll.dll
0x00007fff3a2c0000 - 0x00007fff3a373000 	C:\WINDOWS\System32\KERNEL32.DLL
0x00007fff36630000 - 0x00007fff368c3000 	C:\WINDOWS\System32\KERNELBASE.dll
0x00007fff37b30000 - 0x00007fff37bd3000 	C:\WINDOWS\System32\ADVAPI32.dll
0x00007fff37eb0000 - 0x00007fff37f4e000 	C:\WINDOWS\System32\msvcrt.dll
0x00007fff3a380000 - 0x00007fff3a41e000 	C:\WINDOWS\System32\sechost.dll
0x00007fff39c90000 - 0x00007fff39db2000 	C:\WINDOWS\System32\RPCRT4.dll
0x00007fff37690000 - 0x00007fff37827000 	C:\WINDOWS\System32\USER32.dll
0x00007fff36af0000 - 0x00007fff36b10000 	C:\WINDOWS\System32\win32u.dll
0x00007fff37830000 - 0x00007fff37859000 	C:\WINDOWS\System32\GDI32.dll
0x00007fff368d0000 - 0x00007fff36a69000 	C:\WINDOWS\System32\gdi32full.dll
0x00007fff36530000 - 0x00007fff365d0000 	C:\WINDOWS\System32\msvcp_win.dll
0x00007fff37590000 - 0x00007fff3768a000 	C:\WINDOWS\System32\ucrtbase.dll
0x00007fff26e20000 - 0x00007fff27099000 	C:\WINDOWS\WinSxS\amd64_microsoft.windows.common-controls_6595b64144ccf1df_6.0.17763.737_none_05b6437c071e554b\COMCTL32.dll
0x00007fff38190000 - 0x00007fff384bc000 	C:\WINDOWS\System32\combase.dll
0x00007fff36a70000 - 0x00007fff36aee000 	C:\WINDOWS\System32\bcryptPrimitives.dll
0x00007fff379c0000 - 0x00007fff379ee000 	C:\WINDOWS\System32\IMM32.DLL
0x0000000057810000 - 0x00000000578e2000 	C:\Program Files\Java\jdk1.8.0_181\jre\bin\msvcr100.dll
0x0000000056f60000 - 0x0000000057802000 	C:\Program Files\Java\jdk1.8.0_181\jre\bin\server\jvm.dll
0x00007fff39c80000 - 0x00007fff39c88000 	C:\WINDOWS\System32\PSAPI.DLL
0x00007fff09a10000 - 0x00007fff09a19000 	C:\WINDOWS\SYSTEM32\WSOCK32.dll
0x00007fff34690000 - 0x00007fff346b4000 	C:\WINDOWS\SYSTEM32\WINMM.dll
0x00007fff3a250000 - 0x00007fff3a2bd000 	C:\WINDOWS\System32\WS2_32.dll
0x00007fff28110000 - 0x00007fff2811a000 	C:\WINDOWS\SYSTEM32\VERSION.dll
0x00007fff34660000 - 0x00007fff3468d000 	C:\WINDOWS\SYSTEM32\winmmbase.dll
0x00007fff36b10000 - 0x00007fff36b5a000 	C:\WINDOWS\System32\cfgmgr32.dll
0x0000000056f50000 - 0x0000000056f5f000 	C:\Program Files\Java\jdk1.8.0_181\jre\bin\verify.dll
0x0000000056f20000 - 0x0000000056f49000 	C:\Program Files\Java\jdk1.8.0_181\jre\bin\java.dll
0x0000000056f00000 - 0x0000000056f16000 	C:\Program Files\Java\jdk1.8.0_181\jre\bin\zip.dll
0x00007fff384c0000 - 0x00007fff399b2000 	C:\WINDOWS\System32\SHELL32.dll
0x00007fff399c0000 - 0x00007fff39a68000 	C:\WINDOWS\System32\shcore.dll
0x00007fff36d90000 - 0x00007fff374da000 	C:\WINDOWS\System32\windows.storage.dll
0x00007fff364e0000 - 0x00007fff36504000 	C:\WINDOWS\System32\profapi.dll
0x00007fff36480000 - 0x00007fff364dd000 	C:\WINDOWS\System32\powrprof.dll
0x00007fff379f0000 - 0x00007fff37a42000 	C:\WINDOWS\System32\shlwapi.dll
0x00007fff36460000 - 0x00007fff36471000 	C:\WINDOWS\System32\kernel.appcore.dll
0x00007fff36d70000 - 0x00007fff36d87000 	C:\WINDOWS\System32\cryptsp.dll
0x00007fff32c40000 - 0x00007fff32c4a000 	D:\Vipul\Softwares\apache-maven-3.5.4\lib\jansi-native\windows64\jansi.dll
0x0000000056ee0000 - 0x0000000056efa000 	C:\Program Files\Java\jdk1.8.0_181\jre\bin\net.dll
0x00007fff35c70000 - 0x00007fff35cd7000 	C:\WINDOWS\system32\mswsock.dll
0x0000000056ec0000 - 0x0000000056ed1000 	C:\Program Files\Java\jdk1.8.0_181\jre\bin\nio.dll

VM Arguments:
jvm_args: -Dclassworlds.conf=D:\Vipul\Softwares\apache-maven-3.5.4\bin\..\bin\m2.conf -Dmaven.home=D:\Vipul\Softwares\apache-maven-3.5.4\bin\.. -Dlibrary.jansi.path=D:\Vipul\Softwares\apache-maven-3.5.4\bin\..\lib\jansi-native -Dmaven.multiModuleProjectDirectory=D:\DhyanPraveShika_home\GIT_HUB_CODE\git-github\dhyan-praveshika 
java_command: org.codehaus.plexus.classworlds.launcher.Launcher clean install
java_class_path (initial): D:\Vipul\Softwares\apache-maven-3.5.4\bin\..\boot\plexus-classworlds-2.5.2.jar
Launcher Type: SUN_STANDARD

Environment Variables:
JAVA_HOME=C:\Program Files\Java\jdk1.8.0_181
JRE_HOME=C:\Program Files\Java\jre1.8.0_211
PATH=C:\Python27\;C:\Python27\Scripts;C:\Program Files (x86)\Common Files\Oracle\Java\javapath;C:\WINDOWS\system32;C:\WINDOWS;C:\WINDOWS\System32\Wbem;C:\WINDOWS\System32\WindowsPowerShell\v1.0\;C:\WINDOWS\System32\OpenSSH\;C:\Program Files\PuTTY\;C:\Program Files\Git\cmd;C:\ProgramData\chocolatey\bin;C:\Program Files\TortoiseGit\bin;C:\Program Files\nodejs\;C:\Users\vipul\AppData\Local\Microsoft\WindowsApps;C:\Users\vipul\AppData\Local\Programs\Microsoft VS Code\bin;D:\Vipul\Softwares\apache-maven-3.5.4\bin;C:\Program Files\nodejs\node_modules\npm\bin;C:\Users\vipul\AppData\Roaming\npm
USERNAME=vipul
OS=Windows_NT
PROCESSOR_IDENTIFIER=Intel64 Family 6 Model 42 Stepping 7, GenuineIntel



---------------  S Y S T E M  ---------------

OS: Windows 10.0 , 64 bit Build 17763 (10.0.17763.475)

CPU:total 4 (initial active 4) (4 cores per cpu, 1 threads per core) family 6 model 42 stepping 7, cmov, cx8, fxsr, mmx, sse, sse2, sse3, ssse3, sse4.1, sse4.2, popcnt, avx, aes, clmul, tsc, tscinvbit

Memory: 4k page, physical 8266800k(455152k free), swap 12330032k(5568k free)

vm_info: Java HotSpot(TM) 64-Bit Server VM (25.181-b13) for windows-amd64 JRE (1.8.0_181-b13), built on Jul  7 2018 04:01:33 by "java_re" with MS VC++ 10.0 (VS2010)

time: Tue Sep 24 15:08:52 2019
elapsed time: 2 seconds (0d 0h 0m 2s)

