#
# There is insufficient memory for the Java Runtime Environment to continue.
# Native memory allocation (malloc) failed to allocate 314576 bytes for Chunk::new
# Possible reasons:
#   The system is out of physical RAM or swap space
#   In 32 bit mode, the process size limit was hit
# Possible solutions:
#   Reduce memory load on the system
#   Increase physical memory or swap space
#   Check if swap backing store is full
#   Use 64 bit Java on a 64 bit OS
#   Decrease Java heap size (-Xmx/-Xms)
#   Decrease number of Java threads
#   Decrease Java thread stack sizes (-Xss)
#   Set larger code cache with -XX:ReservedCodeCacheSize=
# This output file may be truncated or incomplete.
#
#  Out of Memory Error (allocation.cpp:390), pid=13300, tid=0x0000000000003874
#
# JRE version: Java(TM) SE Runtime Environment (8.0_181-b13) (build 1.8.0_181-b13)
# Java VM: Java HotSpot(TM) 64-Bit Server VM (25.181-b13 mixed mode windows-amd64 compressed oops)
# Failed to write core dump. Minidumps are not enabled by default on client versions of Windows
#

---------------  T H R E A D  ---------------

Current thread (0x0000000017e3e000):  JavaThread "C2 CompilerThread0" daemon [_thread_in_native, id=14452, stack(0x0000000019490000,0x0000000019590000)]

Stack: [0x0000000019490000,0x0000000019590000]
[error occurred during error reporting (printing stack bounds), id 0xc0000005]

Native frames: (J=compiled Java code, j=interpreted, Vv=VM code, C=native code)


Current CompileTask:
C2:   4214 3816   !   4       java.net.URL::<init> (543 bytes)


---------------  P R O C E S S  ---------------

Java Threads: ( => current thread )
  0x000000001c635800 JavaThread "HikariPool-1 connection adder" daemon [_thread_in_native, id=5924, stack(0x000000001fb40000,0x000000001fc40000)]
  0x000000001c635000 JavaThread "HikariPool-1 housekeeper" daemon [_thread_blocked, id=1232, stack(0x000000001fa40000,0x000000001fb40000)]
  0x000000001c632000 JavaThread "mysql-cj-abandoned-connection-cleanup" daemon [_thread_blocked, id=15340, stack(0x000000001dfe0000,0x000000001e0e0000)]
  0x0000000019914800 JavaThread "surefire-forkedjvm-ping-30s" daemon [_thread_blocked, id=12904, stack(0x0000000019e90000,0x0000000019f90000)]
  0x0000000019860800 JavaThread "surefire-forkedjvm-command-thread" daemon [_thread_in_native, id=15180, stack(0x0000000019d90000,0x0000000019e90000)]
  0x00000000197c0800 JavaThread "Service Thread" daemon [_thread_blocked, id=8888, stack(0x0000000019b90000,0x0000000019c90000)]
  0x0000000017e4c000 JavaThread "C1 CompilerThread2" daemon [_thread_blocked, id=6292, stack(0x0000000019690000,0x0000000019790000)]
  0x0000000017e40800 JavaThread "C2 CompilerThread1" daemon [_thread_blocked, id=13072, stack(0x0000000019590000,0x0000000019690000)]
=>0x0000000017e3e000 JavaThread "C2 CompilerThread0" daemon [_thread_in_native, id=14452, stack(0x0000000019490000,0x0000000019590000)]
  0x0000000017e4a000 JavaThread "Attach Listener" daemon [_thread_blocked, id=15332, stack(0x0000000019390000,0x0000000019490000)]
  0x0000000017e49000 JavaThread "Signal Dispatcher" daemon [_thread_blocked, id=14516, stack(0x0000000019290000,0x0000000019390000)]
  0x0000000017e29000 JavaThread "Finalizer" daemon [_thread_blocked, id=14460, stack(0x0000000019090000,0x0000000019190000)]
  0x0000000003302000 JavaThread "Reference Handler" daemon [_thread_blocked, id=11200, stack(0x0000000018f90000,0x0000000019090000)]
  0x000000000300e800 JavaThread "main" [_thread_in_native, id=14560, stack(0x0000000003110000,0x0000000003210000)]

Other Threads:
  0x0000000017e07000 VMThread [stack: 0x0000000018e90000,0x0000000018f90000] [id=7444]
  0x0000000017e9e800 WatcherThread [stack: 0x0000000019c90000,0x0000000019d90000] [id=8164]

VM state:not at safepoint (normal execution)

VM Mutex/Monitor currently owned by a thread: None

Heap:
 PSYoungGen      total 112640K, used 45889K [0x00000000d5f00000, 0x00000000def80000, 0x0000000100000000)
  eden space 105472K, 43% used [0x00000000d5f00000,0x00000000d8bd0568,0x00000000dc600000)
  from space 7168K, 0% used [0x00000000de880000,0x00000000de880000,0x00000000def80000)
  to   space 8192K, 0% used [0x00000000ddf80000,0x00000000ddf80000,0x00000000de780000)
 ParOldGen       total 55296K, used 15623K [0x0000000081c00000, 0x0000000085200000, 0x00000000d5f00000)
  object space 55296K, 28% used [0x0000000081c00000,0x0000000082b41e30,0x0000000085200000)
 Metaspace       used 39826K, capacity 41056K, committed 41264K, reserved 1085440K
  class space    used 5121K, capacity 5363K, committed 5424K, reserved 1048576K

Card table byte_map: [0x00000000126d0000,0x0000000012ad0000] byte_map_base: 0x00000000122c2000

Marking Bits: (ParMarkBitMap*) 0x000000005be02d00
 Begin Bits: [0x0000000013180000, 0x0000000015110000)
 End Bits:   [0x0000000015110000, 0x00000000170a0000)

Polling page: 0x00000000011d0000

CodeCache: size=245760Kb used=13695Kb max_used=13706Kb free=232064Kb
 bounds [0x0000000003310000, 0x0000000004080000, 0x0000000012310000]
 total_blobs=4297 nmethods=3815 adapters=394
 compilation: enabled

Compilation events (10 events):
Event: 4.080 Thread 0x0000000017e3e000 3812       4       java.util.zip.ZipEntry::setExtra0 (360 bytes)
Event: 4.085 Thread 0x0000000017e40800 nmethod 3811 0x0000000004077c90 code [0x0000000004077e20, 0x00000000040783f8]
Event: 4.085 Thread 0x0000000017e3e000 nmethod 3812 0x00000000040757d0 code [0x00000000040759e0, 0x0000000004076128]
Event: 4.122 Thread 0x0000000017e4c000 3813   !   3       java.lang.Class::newInstance (155 bytes)
Event: 4.123 Thread 0x0000000017e4c000 nmethod 3813 0x000000000407a7d0 code [0x000000000407aae0, 0x000000000407bfb8]
Event: 4.125 Thread 0x0000000017e4c000 3814       1       java.text.NumberFormat::isGroupingUsed (5 bytes)
Event: 4.125 Thread 0x0000000017e4c000 nmethod 3814 0x0000000004068e10 code [0x0000000004068f60, 0x0000000004069070]
Event: 4.130 Thread 0x0000000017e40800 3815       4       java.util.ArrayDeque::pollFirst (42 bytes)
Event: 4.130 Thread 0x0000000017e40800 nmethod 3815 0x0000000004078d90 code [0x0000000004078ec0, 0x0000000004078f78]
Event: 4.184 Thread 0x0000000017e3e000 3816   !   4       java.net.URL::<init> (543 bytes)

GC Heap History (10 events):
Event: 1.441 GC heap before
{Heap before GC invocations=6 (full 1):
 PSYoungGen      total 71680K, used 5102K [0x00000000d5f00000, 0x00000000df000000, 0x0000000100000000)
  eden space 66560K, 0% used [0x00000000d5f00000,0x00000000d5f00000,0x00000000da000000)
  from space 5120K, 99% used [0x00000000da000000,0x00000000da4fbaa8,0x00000000da500000)
  to   space 7680K, 0% used [0x00000000de880000,0x00000000de880000,0x00000000df000000)
 ParOldGen       total 87552K, used 4003K [0x0000000081c00000, 0x0000000087180000, 0x00000000d5f00000)
  object space 87552K, 4% used [0x0000000081c00000,0x0000000081fe8cd8,0x0000000087180000)
 Metaspace       used 20697K, capacity 21250K, committed 21296K, reserved 1067008K
  class space    used 2678K, capacity 2842K, committed 2864K, reserved 1048576K
Event: 1.466 GC heap after
Heap after GC invocations=6 (full 1):
 PSYoungGen      total 71680K, used 0K [0x00000000d5f00000, 0x00000000df000000, 0x0000000100000000)
  eden space 66560K, 0% used [0x00000000d5f00000,0x00000000d5f00000,0x00000000da000000)
  from space 5120K, 0% used [0x00000000da000000,0x00000000da000000,0x00000000da500000)
  to   space 7680K, 0% used [0x00000000de880000,0x00000000de880000,0x00000000df000000)
 ParOldGen       total 55296K, used 6665K [0x0000000081c00000, 0x0000000085200000, 0x00000000d5f00000)
  object space 55296K, 12% used [0x0000000081c00000,0x00000000822824f0,0x0000000085200000)
 Metaspace       used 20697K, capacity 21250K, committed 21296K, reserved 1067008K
  class space    used 2678K, capacity 2842K, committed 2864K, reserved 1048576K
}
Event: 1.978 GC heap before
{Heap before GC invocations=7 (full 1):
 PSYoungGen      total 71680K, used 66560K [0x00000000d5f00000, 0x00000000df000000, 0x0000000100000000)
  eden space 66560K, 100% used [0x00000000d5f00000,0x00000000da000000,0x00000000da000000)
  from space 5120K, 0% used [0x00000000da000000,0x00000000da000000,0x00000000da500000)
  to   space 7680K, 0% used [0x00000000de880000,0x00000000de880000,0x00000000df000000)
 ParOldGen       total 55296K, used 7616K [0x0000000081c00000, 0x0000000085200000, 0x00000000d5f00000)
  object space 55296K, 13% used [0x0000000081c00000,0x00000000823701a8,0x0000000085200000)
 Metaspace       used 26342K, capacity 27112K, committed 27184K, reserved 1073152K
  class space    used 3393K, capacity 3575K, committed 3632K, reserved 1048576K
Event: 1.986 GC heap after
Heap after GC invocations=7 (full 1):
 PSYoungGen      total 112640K, used 7005K [0x00000000d5f00000, 0x00000000def80000, 0x0000000100000000)
  eden space 105472K, 0% used [0x00000000d5f00000,0x00000000d5f00000,0x00000000dc600000)
  from space 7168K, 97% used [0x00000000de880000,0x00000000def574e0,0x00000000def80000)
  to   space 8192K, 0% used [0x00000000ddf80000,0x00000000ddf80000,0x00000000de780000)
 ParOldGen       total 55296K, used 7688K [0x0000000081c00000, 0x0000000085200000, 0x00000000d5f00000)
  object space 55296K, 13% used [0x0000000081c00000,0x00000000823821b8,0x0000000085200000)
 Metaspace       used 26342K, capacity 27112K, committed 27184K, reserved 1073152K
  class space    used 3393K, capacity 3575K, committed 3632K, reserved 1048576K
}
Event: 2.674 GC heap before
{Heap before GC invocations=8 (full 1):
 PSYoungGen      total 112640K, used 112477K [0x00000000d5f00000, 0x00000000def80000, 0x0000000100000000)
  eden space 105472K, 100% used [0x00000000d5f00000,0x00000000dc600000,0x00000000dc600000)
  from space 7168K, 97% used [0x00000000de880000,0x00000000def574e0,0x00000000def80000)
  to   space 8192K, 0% used [0x00000000ddf80000,0x00000000ddf80000,0x00000000de780000)
 ParOldGen       total 55296K, used 7688K [0x0000000081c00000, 0x0000000085200000, 0x00000000d5f00000)
  object space 55296K, 13% used [0x0000000081c00000,0x00000000823821b8,0x0000000085200000)
 Metaspace       used 30106K, capacity 31094K, committed 31280K, reserved 1077248K
  class space    used 3880K, capacity 4128K, committed 4144K, reserved 1048576K
Event: 2.683 GC heap after
Heap after GC invocations=8 (full 1):
 PSYoungGen      total 113664K, used 8189K [0x00000000d5f00000, 0x00000000def80000, 0x0000000100000000)
  eden space 105472K, 0% used [0x00000000d5f00000,0x00000000d5f00000,0x00000000dc600000)
  from space 8192K, 99% used [0x00000000ddf80000,0x00000000de77f480,0x00000000de780000)
  to   space 7168K, 0% used [0x00000000de880000,0x00000000de880000,0x00000000def80000)
 ParOldGen       total 55296K, used 8574K [0x0000000081c00000, 0x0000000085200000, 0x00000000d5f00000)
  object space 55296K, 15% used [0x0000000081c00000,0x000000008245f908,0x0000000085200000)
 Metaspace       used 30106K, capacity 31094K, committed 31280K, reserved 1077248K
  class space    used 3880K, capacity 4128K, committed 4144K, reserved 1048576K
}
Event: 3.239 GC heap before
{Heap before GC invocations=9 (full 1):
 PSYoungGen      total 113664K, used 65616K [0x00000000d5f00000, 0x00000000def80000, 0x0000000100000000)
  eden space 105472K, 54% used [0x00000000d5f00000,0x00000000d9714f60,0x00000000dc600000)
  from space 8192K, 99% used [0x00000000ddf80000,0x00000000de77f480,0x00000000de780000)
  to   space 7168K, 0% used [0x00000000de880000,0x00000000de880000,0x00000000def80000)
 ParOldGen       total 55296K, used 8574K [0x0000000081c00000, 0x0000000085200000, 0x00000000d5f00000)
  object space 55296K, 15% used [0x0000000081c00000,0x000000008245f908,0x0000000085200000)
 Metaspace       used 34226K, capacity 35338K, committed 35496K, reserved 1081344K
  class space    used 4366K, capacity 4604K, committed 4656K, reserved 1048576K
Event: 3.249 GC heap after
Heap after GC invocations=9 (full 1):
 PSYoungGen      total 112640K, used 7137K [0x00000000d5f00000, 0x00000000def80000, 0x0000000100000000)
  eden space 105472K, 0% used [0x00000000d5f00000,0x00000000d5f00000,0x00000000dc600000)
  from space 7168K, 99% used [0x00000000de880000,0x00000000def78570,0x00000000def80000)
  to   space 8192K, 0% used [0x00000000ddf80000,0x00000000ddf80000,0x00000000de780000)
 ParOldGen       total 55296K, used 12581K [0x0000000081c00000, 0x0000000085200000, 0x00000000d5f00000)
  object space 55296K, 22% used [0x0000000081c00000,0x0000000082849760,0x0000000085200000)
 Metaspace       used 34226K, capacity 35338K, committed 35496K, reserved 1081344K
  class space    used 4366K, capacity 4604K, committed 4656K, reserved 1048576K
}
Event: 3.249 GC heap before
{Heap before GC invocations=10 (full 2):
 PSYoungGen      total 112640K, used 7137K [0x00000000d5f00000, 0x00000000def80000, 0x0000000100000000)
  eden space 105472K, 0% used [0x00000000d5f00000,0x00000000d5f00000,0x00000000dc600000)
  from space 7168K, 99% used [0x00000000de880000,0x00000000def78570,0x00000000def80000)
  to   space 8192K, 0% used [0x00000000ddf80000,0x00000000ddf80000,0x00000000de780000)
 ParOldGen       total 55296K, used 12581K [0x0000000081c00000, 0x0000000085200000, 0x00000000d5f00000)
  object space 55296K, 22% used [0x0000000081c00000,0x0000000082849760,0x0000000085200000)
 Metaspace       used 34226K, capacity 35338K, committed 35496K, reserved 1081344K
  class space    used 4366K, capacity 4604K, committed 4656K, reserved 1048576K
Event: 3.308 GC heap after
Heap after GC invocations=10 (full 2):
 PSYoungGen      total 112640K, used 0K [0x00000000d5f00000, 0x00000000def80000, 0x0000000100000000)
  eden space 105472K, 0% used [0x00000000d5f00000,0x00000000d5f00000,0x00000000dc600000)
  from space 7168K, 0% used [0x00000000de880000,0x00000000de880000,0x00000000def80000)
  to   space 8192K, 0% used [0x00000000ddf80000,0x00000000ddf80000,0x00000000de780000)
 ParOldGen       total 55296K, used 15623K [0x0000000081c00000, 0x0000000085200000, 0x00000000d5f00000)
  object space 55296K, 28% used [0x0000000081c00000,0x0000000082b41e30,0x0000000085200000)
 Metaspace       used 34226K, capacity 35338K, committed 35496K, reserved 1081344K
  class space    used 4366K, capacity 4604K, committed 4656K, reserved 1048576K
}

Deoptimization events (10 events):
Event: 3.543 Thread 0x000000000300e800 Uncommon trap: reason=class_check action=maybe_recompile pc=0x0000000003e9dc84 method=java.util.AbstractList$Itr.next()Ljava/lang/Object; @ 14
Event: 3.754 Thread 0x000000000300e800 Uncommon trap: reason=class_check action=maybe_recompile pc=0x0000000003ed7814 method=java.util.TreeMap.getEntry(Ljava/lang/Object;)Ljava/util/TreeMap$Entry; @ 26
Event: 3.754 Thread 0x000000000300e800 Uncommon trap: reason=class_check action=maybe_recompile pc=0x0000000003ed7814 method=java.util.TreeMap.getEntry(Ljava/lang/Object;)Ljava/util/TreeMap$Entry; @ 26
Event: 3.754 Thread 0x000000000300e800 Uncommon trap: reason=class_check action=maybe_recompile pc=0x0000000003ed7814 method=java.util.TreeMap.getEntry(Ljava/lang/Object;)Ljava/util/TreeMap$Entry; @ 26
Event: 3.754 Thread 0x000000000300e800 Uncommon trap: reason=class_check action=maybe_recompile pc=0x0000000003ed7814 method=java.util.TreeMap.getEntry(Ljava/lang/Object;)Ljava/util/TreeMap$Entry; @ 26
Event: 3.863 Thread 0x000000000300e800 Uncommon trap: reason=bimorphic action=maybe_recompile pc=0x0000000003f472f0 method=java.util.Hashtable.get(Ljava/lang/Object;)Ljava/lang/Object; @ 6
Event: 3.908 Thread 0x000000000300e800 Uncommon trap: reason=unstable_if action=reinterpret pc=0x0000000003f93410 method=java.lang.Class.arrayContentsEq([Ljava/lang/Object;[Ljava/lang/Object;)Z @ 1
Event: 4.006 Thread 0x000000000300e800 Uncommon trap: reason=unstable_if action=reinterpret pc=0x000000000403c2e4 method=java.lang.Class.searchMethods([Ljava/lang/reflect/Method;Ljava/lang/String;[Ljava/lang/Class;)Ljava/lang/reflect/Method; @ 47
Event: 4.211 Thread 0x000000000300e800 Uncommon trap: reason=class_check action=maybe_recompile pc=0x0000000003c12a14 method=java.util.AbstractList$Itr.hasNext()Z @ 8
Event: 4.211 Thread 0x000000000300e800 Uncommon trap: reason=class_check action=maybe_recompile pc=0x0000000003e9dc84 method=java.util.AbstractList$Itr.next()Ljava/lang/Object; @ 14

Classes redefined (0 events):
No events

Internal exceptions (10 events):
Event: 4.013 Thread 0x000000000300e800 Exception <a 'java/lang/ClassNotFoundException': org/springframework/beans/factory/BeanClassLoaderAwareCustomizer> (0x00000000d76a42b0) thrown at [C:\re\workspace\8-2-build-windows-amd64-cygwin\jdk8u181\11358\hotspot\src\share\vm\classfile\systemDictionar
Event: 4.013 Thread 0x000000000300e800 Exception <a 'java/lang/ClassNotFoundException': org/springframework/beans/factory/AwareCustomizer> (0x00000000d76be2e0) thrown at [C:\re\workspace\8-2-build-windows-amd64-cygwin\jdk8u181\11358\hotspot\src\share\vm\classfile\systemDictionary.cpp, line 210
Event: 4.014 Thread 0x000000000300e800 Exception <a 'java/lang/ClassNotFoundException': org/springframework/beans/factory/BeanFactoryAwareCustomizer> (0x00000000d76da970) thrown at [C:\re\workspace\8-2-build-windows-amd64-cygwin\jdk8u181\11358\hotspot\src\share\vm\classfile\systemDictionary.cp
Event: 4.014 Thread 0x000000000300e800 Exception <a 'java/lang/ClassNotFoundException': org/springframework/beans/factory/AwareCustomizer> (0x00000000d76f4f00) thrown at [C:\re\workspace\8-2-build-windows-amd64-cygwin\jdk8u181\11358\hotspot\src\share\vm\classfile\systemDictionary.cpp, line 210
Event: 4.014 Thread 0x000000000300e800 Exception <a 'java/lang/ClassNotFoundException': org/springframework/beans/factory/BeanNameAwareCustomizer> (0x00000000d77102c0) thrown at [C:\re\workspace\8-2-build-windows-amd64-cygwin\jdk8u181\11358\hotspot\src\share\vm\classfile\systemDictionary.cpp, 
Event: 4.015 Thread 0x000000000300e800 Exception <a 'java/lang/ClassNotFoundException': org/springframework/beans/factory/AwareCustomizer> (0x00000000d772a220) thrown at [C:\re\workspace\8-2-build-windows-amd64-cygwin\jdk8u181\11358\hotspot\src\share\vm\classfile\systemDictionary.cpp, line 210
Event: 4.015 Thread 0x000000000300e800 Exception <a 'java/lang/ClassNotFoundException': org/springframework/beans/factory/InitializingBeanCustomizer> (0x00000000d77468a8) thrown at [C:\re\workspace\8-2-build-windows-amd64-cygwin\jdk8u181\11358\hotspot\src\share\vm\classfile\systemDictionary.cp
Event: 4.015 Thread 0x000000000300e800 Exception <a 'java/lang/ClassNotFoundException': org/springframework/beans/factory/DisposableBeanCustomizer> (0x00000000d7762548) thrown at [C:\re\workspace\8-2-build-windows-amd64-cygwin\jdk8u181\11358\hotspot\src\share\vm\classfile\systemDictionary.cpp,
Event: 4.016 Thread 0x000000000300e800 Exception <a 'java/lang/ClassNotFoundException': org/springframework/orm/jpa/EntityManagerFactoryInfoCustomizer> (0x00000000d777ff88) thrown at [C:\re\workspace\8-2-build-windows-amd64-cygwin\jdk8u181\11358\hotspot\src\share\vm\classfile\systemDictionary.
Event: 4.016 Thread 0x000000000300e800 Exception <a 'java/lang/ClassNotFoundException': org/springframework/dao/support/PersistenceExceptionTranslatorCustomizer> (0x00000000d77ad038) thrown at [C:\re\workspace\8-2-build-windows-amd64-cygwin\jdk8u181\11358\hotspot\src\share\vm\classfile\systemD

Events (10 events):
Event: 4.211 Thread 0x000000000300e800 DEOPT UNPACKING pc=0x000000000335583b sp=0x000000000320b670 mode 2
Event: 4.211 Thread 0x000000000300e800 Uncommon trap: trap_request=0xffffffde fr.pc=0x0000000003e9dc84
Event: 4.211 Thread 0x000000000300e800 DEOPT PACKING pc=0x0000000003e9dc84 sp=0x000000000320b6d0
Event: 4.211 Thread 0x000000000300e800 DEOPT UNPACKING pc=0x000000000335583b sp=0x000000000320b660 mode 2
Event: 4.212 loading class net/bytebuddy/description/ByteCodeElement$Token
Event: 4.212 loading class net/bytebuddy/description/ByteCodeElement$Token done
Event: 4.213 loading class net/bytebuddy/description/method/MethodList$Explicit
Event: 4.213 loading class net/bytebuddy/description/method/MethodList$Explicit done
Event: 4.213 loading class net/bytebuddy/implementation/bind/annotation/Default$Binder
Event: 4.213 loading class net/bytebuddy/implementation/bind/annotation/Default$Binder done


Dynamic libraries:
0x00007ff6d07f0000 - 0x00007ff6d0827000 	C:\Program Files\Java\jdk1.8.0_181\jre\bin\java.exe
0x00007ffb79080000 - 0x00007ffb7926d000 	C:\WINDOWS\SYSTEM32\ntdll.dll
0x00007ffb76ea0000 - 0x00007ffb76f53000 	C:\WINDOWS\System32\KERNEL32.DLL
0x00007ffb75140000 - 0x00007ffb753d3000 	C:\WINDOWS\System32\KERNELBASE.dll
0x00007ffb78fa0000 - 0x00007ffb79043000 	C:\WINDOWS\System32\ADVAPI32.dll
0x00007ffb76e00000 - 0x00007ffb76e9e000 	C:\WINDOWS\System32\msvcrt.dll
0x00007ffb78d60000 - 0x00007ffb78dfe000 	C:\WINDOWS\System32\sechost.dll
0x00007ffb78bd0000 - 0x00007ffb78cf2000 	C:\WINDOWS\System32\RPCRT4.dll
0x00007ffb78960000 - 0x00007ffb78af7000 	C:\WINDOWS\System32\USER32.dll
0x00007ffb76280000 - 0x00007ffb762a0000 	C:\WINDOWS\System32\win32u.dll
0x00007ffb76b40000 - 0x00007ffb76b69000 	C:\WINDOWS\System32\GDI32.dll
0x00007ffb75e40000 - 0x00007ffb75fd9000 	C:\WINDOWS\System32\gdi32full.dll
0x00007ffb75b60000 - 0x00007ffb75c00000 	C:\WINDOWS\System32\msvcp_win.dll
0x00007ffb760e0000 - 0x00007ffb761da000 	C:\WINDOWS\System32\ucrtbase.dll
0x00007ffb61340000 - 0x00007ffb615b9000 	C:\WINDOWS\WinSxS\amd64_microsoft.windows.common-controls_6595b64144ccf1df_6.0.17763.737_none_05b6437c071e554b\COMCTL32.dll
0x00007ffb784c0000 - 0x00007ffb787ec000 	C:\WINDOWS\System32\combase.dll
0x00007ffb761e0000 - 0x00007ffb7625e000 	C:\WINDOWS\System32\bcryptPrimitives.dll
0x00007ffb78f60000 - 0x00007ffb78f8e000 	C:\WINDOWS\System32\IMM32.DLL
0x000000005be90000 - 0x000000005bf62000 	C:\Program Files\Java\jdk1.8.0_181\jre\bin\msvcr100.dll
0x000000005b5e0000 - 0x000000005be82000 	C:\Program Files\Java\jdk1.8.0_181\jre\bin\server\jvm.dll
0x00007ffb762a0000 - 0x00007ffb762a8000 	C:\WINDOWS\System32\PSAPI.DLL
0x00007ffb6d000000 - 0x00007ffb6d024000 	C:\WINDOWS\SYSTEM32\WINMM.dll
0x00007ffb70a20000 - 0x00007ffb70a29000 	C:\WINDOWS\SYSTEM32\WSOCK32.dll
0x00007ffb69ef0000 - 0x00007ffb69efa000 	C:\WINDOWS\SYSTEM32\VERSION.dll
0x00007ffb76b70000 - 0x00007ffb76bdd000 	C:\WINDOWS\System32\WS2_32.dll
0x00007ffb6b0d0000 - 0x00007ffb6b0fd000 	C:\WINDOWS\SYSTEM32\WINMMBASE.dll
0x00007ffb76090000 - 0x00007ffb760da000 	C:\WINDOWS\System32\cfgmgr32.dll
0x000000005b5d0000 - 0x000000005b5df000 	C:\Program Files\Java\jdk1.8.0_181\jre\bin\verify.dll
0x000000005b5a0000 - 0x000000005b5c9000 	C:\Program Files\Java\jdk1.8.0_181\jre\bin\java.dll
0x000000005b580000 - 0x000000005b596000 	C:\Program Files\Java\jdk1.8.0_181\jre\bin\zip.dll
0x00007ffb76f60000 - 0x00007ffb78452000 	C:\WINDOWS\System32\SHELL32.dll
0x00007ffb78b00000 - 0x00007ffb78ba8000 	C:\WINDOWS\System32\shcore.dll
0x00007ffb75410000 - 0x00007ffb75b5a000 	C:\WINDOWS\System32\windows.storage.dll
0x00007ffb75070000 - 0x00007ffb75094000 	C:\WINDOWS\System32\profapi.dll
0x00007ffb750c0000 - 0x00007ffb7511d000 	C:\WINDOWS\System32\powrprof.dll
0x00007ffb78d00000 - 0x00007ffb78d52000 	C:\WINDOWS\System32\shlwapi.dll
0x00007ffb75120000 - 0x00007ffb75131000 	C:\WINDOWS\System32\kernel.appcore.dll
0x00007ffb76260000 - 0x00007ffb76277000 	C:\WINDOWS\System32\cryptsp.dll
0x000000005b530000 - 0x000000005b53d000 	C:\Program Files\Java\jdk1.8.0_181\jre\bin\management.dll
0x000000005b560000 - 0x000000005b57a000 	C:\Program Files\Java\jdk1.8.0_181\jre\bin\net.dll
0x00007ffb74880000 - 0x00007ffb748e7000 	C:\WINDOWS\system32\mswsock.dll
0x000000005b540000 - 0x000000005b551000 	C:\Program Files\Java\jdk1.8.0_181\jre\bin\nio.dll
0x00007ffb64cb0000 - 0x00007ffb64cc6000 	C:\WINDOWS\system32\napinsp.dll
0x00007ffb64c90000 - 0x00007ffb64caa000 	C:\WINDOWS\system32\pnrpnsp.dll
0x00007ffb745e0000 - 0x00007ffb746a6000 	C:\WINDOWS\SYSTEM32\DNSAPI.dll
0x00007ffb76c40000 - 0x00007ffb76c48000 	C:\WINDOWS\System32\NSI.dll
0x00007ffb745a0000 - 0x00007ffb745dd000 	C:\WINDOWS\SYSTEM32\IPHLPAPI.DLL
0x00007ffb6b0c0000 - 0x00007ffb6b0ce000 	C:\WINDOWS\System32\winrnr.dll
0x00007ffb70dd0000 - 0x00007ffb70deb000 	C:\WINDOWS\system32\NLAapi.dll
0x00007ffb6f070000 - 0x00007ffb6f085000 	C:\WINDOWS\system32\wshbth.dll
0x00007ffb6e300000 - 0x00007ffb6e30a000 	C:\Windows\System32\rasadhlp.dll
0x00007ffb6e4a0000 - 0x00007ffb6e519000 	C:\WINDOWS\System32\fwpuclnt.dll
0x00007ffb753e0000 - 0x00007ffb75406000 	C:\WINDOWS\System32\bcrypt.dll
0x000000005b500000 - 0x000000005b524000 	C:\Program Files\Java\jdk1.8.0_181\jre\bin\sunec.dll
0x00007ffb6ea10000 - 0x00007ffb6ea26000 	C:\WINDOWS\SYSTEM32\dhcpcsvc6.DLL
0x00007ffb6e9f0000 - 0x00007ffb6ea0c000 	C:\WINDOWS\SYSTEM32\dhcpcsvc.DLL
0x00007ffb74400000 - 0x00007ffb74433000 	C:\WINDOWS\system32\rsaenh.dll
0x00007ffb74f70000 - 0x00007ffb74f98000 	C:\WINDOWS\SYSTEM32\USERENV.dll
0x00007ffb74a50000 - 0x00007ffb74a5c000 	C:\WINDOWS\SYSTEM32\CRYPTBASE.dll
0x000000005b4f0000 - 0x000000005b4fb000 	C:\Program Files\Java\jdk1.8.0_181\jre\bin\sunmscapi.dll
0x00007ffb75c00000 - 0x00007ffb75ddb000 	C:\WINDOWS\System32\CRYPT32.dll
0x00007ffb750a0000 - 0x00007ffb750b2000 	C:\WINDOWS\System32\MSASN1.dll

VM Arguments:
java_command: C:\Users\vipul\AppData\Local\Temp\surefire5634409808005996130\surefirebooter1775131663495230547.jar C:\Users\vipul\AppData\Local\Temp\surefire5634409808005996130 2019-09-18T17-44-32_286-jvmRun1 surefire8607258052667359964tmp surefire_01672950258146888154tmp
java_class_path (initial): C:\Users\vipul\AppData\Local\Temp\surefire5634409808005996130\surefirebooter1775131663495230547.jar
Launcher Type: SUN_STANDARD

Environment Variables:
JAVA_HOME=C:\Program Files\Java\jdk1.8.0_181
JRE_HOME=C:\Program Files\Java\jre1.8.0_211
PATH=C:\Python27\;C:\Python27\Scripts;C:\Program Files (x86)\Common Files\Oracle\Java\javapath;C:\WINDOWS\system32;C:\WINDOWS;C:\WINDOWS\System32\Wbem;C:\WINDOWS\System32\WindowsPowerShell\v1.0\;C:\WINDOWS\System32\OpenSSH\;C:\Program Files\PuTTY\;C:\Program Files\Git\cmd;C:\ProgramData\chocolatey\bin;C:\Program Files\TortoiseGit\bin;C:\Program Files\nodejs\;C:\Users\vipul\AppData\Local\Microsoft\WindowsApps;C:\Users\vipul\AppData\Local\Programs\Microsoft VS Code\bin;D:\Vipul\Softwares\apache-maven-3.5.4\bin;C:\Program Files\nodejs\node_modules\npm\bin;C:\Users\vipul\AppData\Roaming\npm
USERNAME=vipul
OS=Windows_NT
PROCESSOR_IDENTIFIER=Intel64 Family 6 Model 42 Stepping 7, GenuineIntel



---------------  S Y S T E M  ---------------

OS: Windows 10.0 , 64 bit Build 17763 (10.0.17763.475)

CPU:total 4 (initial active 4) (4 cores per cpu, 1 threads per core) family 6 model 42 stepping 7, cmov, cx8, fxsr, mmx, sse, sse2, sse3, ssse3, sse4.1, sse4.2, popcnt, avx, aes, clmul, tsc, tscinvbit

Memory: 4k page, physical 8266800k(962144k free), swap 12330032k(5124k free)

vm_info: Java HotSpot(TM) 64-Bit Server VM (25.181-b13) for windows-amd64 JRE (1.8.0_181-b13), built on Jul  7 2018 04:01:33 by "java_re" with MS VC++ 10.0 (VS2010)

time: Wed Sep 18 17:44:37 2019
elapsed time: 4 seconds (0d 0h 0m 4s)

