#
# There is insufficient memory for the Java Runtime Environment to continue.
# Native memory allocation (malloc) failed to allocate 2380912 bytes for Chunk::new
# Possible reasons:
#   The system is out of physical RAM or swap space
#   In 32 bit mode, the process size limit was hit
# Possible solutions:
#   Reduce memory load on the system
#   Increase physical memory or swap space
#   Check if swap backing store is full
#   Use 64 bit Java on a 64 bit OS
#   Decrease Java heap size (-Xmx/-Xms)
#   Decrease number of Java threads
#   Decrease Java thread stack sizes (-Xss)
#   Set larger code cache with -XX:ReservedCodeCacheSize=
# This output file may be truncated or incomplete.
#
#  Out of Memory Error (allocation.cpp:390), pid=15100, tid=0x00000000000009dc
#
# JRE version: Java(TM) SE Runtime Environment (8.0_181-b13) (build 1.8.0_181-b13)
# Java VM: Java HotSpot(TM) 64-Bit Server VM (25.181-b13 mixed mode windows-amd64 compressed oops)
# Failed to write core dump. Minidumps are not enabled by default on client versions of Windows
#

---------------  T H R E A D  ---------------

Current thread (0x00000000172fd000):  JavaThread "C2 CompilerThread0" daemon [_thread_in_native, id=2524, stack(0x0000000018970000,0x0000000018a70000)]

Stack: [0x0000000018970000,0x0000000018a70000]
[error occurred during error reporting (printing stack bounds), id 0xc0000005]

Native frames: (J=compiled Java code, j=interpreted, Vv=VM code, C=native code)


Current CompileTask:
C2:   6534 5077   !   4       org.springframework.core.annotation.AnnotatedElementUtils::searchWithFindSemantics (774 bytes)


---------------  P R O C E S S  ---------------

Java Threads: ( => current thread )
  0x000000001c7e8800 JavaThread "HikariPool-1 connection adder" daemon [_thread_blocked, id=14124, stack(0x000000001eef0000,0x000000001eff0000)]
  0x000000001d7b2000 JavaThread "HikariPool-1 housekeeper" daemon [_thread_blocked, id=13716, stack(0x000000001edf0000,0x000000001eef0000)]
  0x000000001be6d800 JavaThread "mysql-cj-abandoned-connection-cleanup" daemon [_thread_blocked, id=436, stack(0x000000001d390000,0x000000001d490000)]
  0x0000000018df9000 JavaThread "surefire-forkedjvm-ping-30s" daemon [_thread_blocked, id=13380, stack(0x0000000019370000,0x0000000019470000)]
  0x0000000018d82800 JavaThread "surefire-forkedjvm-command-thread" daemon [_thread_in_native, id=14952, stack(0x0000000019270000,0x0000000019370000)]
  0x0000000018ca3800 JavaThread "Service Thread" daemon [_thread_blocked, id=14988, stack(0x0000000019070000,0x0000000019170000)]
  0x0000000017303800 JavaThread "C1 CompilerThread2" daemon [_thread_blocked, id=14936, stack(0x0000000018b70000,0x0000000018c70000)]
  0x0000000017300800 JavaThread "C2 CompilerThread1" daemon [_thread_in_native, id=13848, stack(0x0000000018a70000,0x0000000018b70000)]
=>0x00000000172fd000 JavaThread "C2 CompilerThread0" daemon [_thread_in_native, id=2524, stack(0x0000000018970000,0x0000000018a70000)]
  0x0000000017309000 JavaThread "Attach Listener" daemon [_thread_blocked, id=496, stack(0x0000000018870000,0x0000000018970000)]
  0x0000000017307800 JavaThread "Signal Dispatcher" daemon [_thread_blocked, id=6256, stack(0x0000000018770000,0x0000000018870000)]
  0x00000000027cb800 JavaThread "Finalizer" daemon [_thread_blocked, id=6864, stack(0x0000000018570000,0x0000000018670000)]
  0x00000000027c2000 JavaThread "Reference Handler" daemon [_thread_blocked, id=868, stack(0x0000000018470000,0x0000000018570000)]
  0x00000000026ce800 JavaThread "main" [_thread_in_vm, id=9092, stack(0x0000000002530000,0x0000000002630000)]

Other Threads:
  0x00000000172c7000 VMThread [stack: 0x0000000018370000,0x0000000018470000] [id=14752]
  0x0000000018cbd800 WatcherThread [stack: 0x0000000019170000,0x0000000019270000] [id=11272]

VM state:not at safepoint (normal execution)

VM Mutex/Monitor currently owned by a thread: None

Heap:
 PSYoungGen      total 226304K, used 33792K [0x00000000d5f00000, 0x00000000e5080000, 0x0000000100000000)
  eden space 210432K, 8% used [0x00000000d5f00000,0x00000000d70f8428,0x00000000e2c80000)
  from space 15872K, 96% used [0x00000000e3d80000,0x00000000e4c87d30,0x00000000e4d00000)
  to   space 17408K, 0% used [0x00000000e2c80000,0x00000000e2c80000,0x00000000e3d80000)
 ParOldGen       total 88064K, used 23780K [0x0000000081c00000, 0x0000000087200000, 0x00000000d5f00000)
  object space 88064K, 27% used [0x0000000081c00000,0x00000000833393c8,0x0000000087200000)
 Metaspace       used 56042K, capacity 58152K, committed 58416K, reserved 1099776K
  class space    used 7575K, capacity 7975K, committed 7984K, reserved 1048576K

Card table byte_map: [0x0000000011b90000,0x0000000011f90000] byte_map_base: 0x0000000011782000

Marking Bits: (ParMarkBitMap*) 0x000000005be02d00
 Begin Bits: [0x0000000012640000, 0x00000000145d0000)
 End Bits:   [0x00000000145d0000, 0x0000000016560000)

Polling page: 0x0000000000760000

CodeCache: size=245760Kb used=16874Kb max_used=16985Kb free=228885Kb
 bounds [0x00000000027d0000, 0x0000000003880000, 0x00000000117d0000]
 total_blobs=5360 nmethods=4818 adapters=453
 compilation: enabled

Compilation events (10 events):
Event: 6.451 Thread 0x0000000017303800 5343       3       org.springframework.core.annotation.AnnotationUtils::synthesizeAnnotation (85 bytes)
Event: 6.452 Thread 0x0000000017303800 nmethod 5343 0x0000000002ac2e90 code [0x0000000002ac3140, 0x0000000002ac4808]
Event: 6.468 Thread 0x0000000017303800 5345   !   3       com.sun.proxy.$Proxy60::annotationType (29 bytes)
Event: 6.469 Thread 0x0000000017303800 nmethod 5345 0x00000000030d4ed0 code [0x00000000030d5060, 0x00000000030d5498]
Event: 6.471 Thread 0x0000000017303800 5346       3       java.net.URL::getDefaultPort (8 bytes)
Event: 6.471 Thread 0x0000000017303800 nmethod 5346 0x0000000002d63690 code [0x0000000002d63800, 0x0000000002d63a28]
Event: 6.475 Thread 0x0000000017303800 5347       3       org.springframework.core.io.ResourceEditor::<init> (8 bytes)
Event: 6.476 Thread 0x0000000017303800 nmethod 5347 0x00000000032ee6d0 code [0x00000000032ee860, 0x00000000032eed68]
Event: 6.479 Thread 0x0000000017303800 5348       1       org.springframework.core.MethodParameter::getAnnotatedElement (5 bytes)
Event: 6.480 Thread 0x0000000017303800 nmethod 5348 0x00000000033b1510 code [0x00000000033b1660, 0x00000000033b1770]

GC Heap History (10 events):
Event: 2.662 GC heap before
{Heap before GC invocations=8 (full 1):
 PSYoungGen      total 115200K, used 114787K [0x00000000d5f00000, 0x00000000def80000, 0x0000000100000000)
  eden space 108032K, 100% used [0x00000000d5f00000,0x00000000dc880000,0x00000000dc880000)
  from space 7168K, 94% used [0x00000000de880000,0x00000000def18f88,0x00000000def80000)
  to   space 8192K, 0% used [0x00000000ddf80000,0x00000000ddf80000,0x00000000de780000)
 ParOldGen       total 54272K, used 6690K [0x0000000081c00000, 0x0000000085100000, 0x00000000d5f00000)
  object space 54272K, 12% used [0x0000000081c00000,0x0000000082288a58,0x0000000085100000)
 Metaspace       used 30161K, capacity 31168K, committed 31280K, reserved 1077248K
  class space    used 3888K, capacity 4129K, committed 4144K, reserved 1048576K
Event: 2.669 GC heap after
Heap after GC invocations=8 (full 1):
 PSYoungGen      total 139776K, used 8189K [0x00000000d5f00000, 0x00000000e1800000, 0x0000000100000000)
  eden space 131584K, 0% used [0x00000000d5f00000,0x00000000d5f00000,0x00000000ddf80000)
  from space 8192K, 99% used [0x00000000ddf80000,0x00000000de77f500,0x00000000de780000)
  to   space 9216K, 0% used [0x00000000e0f00000,0x00000000e0f00000,0x00000000e1800000)
 ParOldGen       total 54272K, used 7659K [0x0000000081c00000, 0x0000000085100000, 0x00000000d5f00000)
  object space 54272K, 14% used [0x0000000081c00000,0x000000008237ae68,0x0000000085100000)
 Metaspace       used 30161K, capacity 31168K, committed 31280K, reserved 1077248K
  class space    used 3888K, capacity 4129K, committed 4144K, reserved 1048576K
}
Event: 3.176 GC heap before
{Heap before GC invocations=9 (full 1):
 PSYoungGen      total 139776K, used 62028K [0x00000000d5f00000, 0x00000000e1800000, 0x0000000100000000)
  eden space 131584K, 40% used [0x00000000d5f00000,0x00000000d9393e68,0x00000000ddf80000)
  from space 8192K, 99% used [0x00000000ddf80000,0x00000000de77f500,0x00000000de780000)
  to   space 9216K, 0% used [0x00000000e0f00000,0x00000000e0f00000,0x00000000e1800000)
 ParOldGen       total 54272K, used 7659K [0x0000000081c00000, 0x0000000085100000, 0x00000000d5f00000)
  object space 54272K, 14% used [0x0000000081c00000,0x000000008237ae68,0x0000000085100000)
 Metaspace       used 34227K, capacity 35342K, committed 35496K, reserved 1081344K
  class space    used 4364K, capacity 4604K, committed 4656K, reserved 1048576K
Event: 3.187 GC heap after
Heap after GC invocations=9 (full 1):
 PSYoungGen      total 178176K, used 9199K [0x00000000d5f00000, 0x00000000e4000000, 0x0000000100000000)
  eden space 168960K, 0% used [0x00000000d5f00000,0x00000000d5f00000,0x00000000e0400000)
  from space 9216K, 99% used [0x00000000e0f00000,0x00000000e17fbdf0,0x00000000e1800000)
  to   space 11264K, 0% used [0x00000000e0400000,0x00000000e0400000,0x00000000e0f00000)
 ParOldGen       total 54272K, used 9480K [0x0000000081c00000, 0x0000000085100000, 0x00000000d5f00000)
  object space 54272K, 17% used [0x0000000081c00000,0x00000000825423c0,0x0000000085100000)
 Metaspace       used 34227K, capacity 35342K, committed 35496K, reserved 1081344K
  class space    used 4364K, capacity 4604K, committed 4656K, reserved 1048576K
}
Event: 3.187 GC heap before
{Heap before GC invocations=10 (full 2):
 PSYoungGen      total 178176K, used 9199K [0x00000000d5f00000, 0x00000000e4000000, 0x0000000100000000)
  eden space 168960K, 0% used [0x00000000d5f00000,0x00000000d5f00000,0x00000000e0400000)
  from space 9216K, 99% used [0x00000000e0f00000,0x00000000e17fbdf0,0x00000000e1800000)
  to   space 11264K, 0% used [0x00000000e0400000,0x00000000e0400000,0x00000000e0f00000)
 ParOldGen       total 54272K, used 9480K [0x0000000081c00000, 0x0000000085100000, 0x00000000d5f00000)
  object space 54272K, 17% used [0x0000000081c00000,0x00000000825423c0,0x0000000085100000)
 Metaspace       used 34227K, capacity 35342K, committed 35496K, reserved 1081344K
  class space    used 4364K, capacity 4604K, committed 4656K, reserved 1048576K
Event: 3.245 GC heap after
Heap after GC invocations=10 (full 2):
 PSYoungGen      total 178176K, used 0K [0x00000000d5f00000, 0x00000000e4000000, 0x0000000100000000)
  eden space 168960K, 0% used [0x00000000d5f00000,0x00000000d5f00000,0x00000000e0400000)
  from space 9216K, 0% used [0x00000000e0f00000,0x00000000e0f00000,0x00000000e1800000)
  to   space 11264K, 0% used [0x00000000e0400000,0x00000000e0400000,0x00000000e0f00000)
 ParOldGen       total 88064K, used 15579K [0x0000000081c00000, 0x0000000087200000, 0x00000000d5f00000)
  object space 88064K, 17% used [0x0000000081c00000,0x0000000082b36dc0,0x0000000087200000)
 Metaspace       used 34227K, capacity 35342K, committed 35496K, reserved 1081344K
  class space    used 4364K, capacity 4604K, committed 4656K, reserved 1048576K
}
Event: 5.235 GC heap before
{Heap before GC invocations=11 (full 2):
 PSYoungGen      total 178176K, used 168960K [0x00000000d5f00000, 0x00000000e4000000, 0x0000000100000000)
  eden space 168960K, 100% used [0x00000000d5f00000,0x00000000e0400000,0x00000000e0400000)
  from space 9216K, 0% used [0x00000000e0f00000,0x00000000e0f00000,0x00000000e1800000)
  to   space 11264K, 0% used [0x00000000e0400000,0x00000000e0400000,0x00000000e0f00000)
 ParOldGen       total 88064K, used 15589K [0x0000000081c00000, 0x0000000087200000, 0x00000000d5f00000)
  object space 88064K, 17% used [0x0000000081c00000,0x0000000082b39498,0x0000000087200000)
 Metaspace       used 51330K, capacity 52736K, committed 53168K, reserved 1095680K
  class space    used 6921K, capacity 7227K, committed 7344K, reserved 1048576K
Event: 5.251 GC heap after
Heap after GC invocations=11 (full 2):
 PSYoungGen      total 180224K, used 11233K [0x00000000d5f00000, 0x00000000e4d00000, 0x0000000100000000)
  eden space 168960K, 0% used [0x00000000d5f00000,0x00000000d5f00000,0x00000000e0400000)
  from space 11264K, 99% used [0x00000000e0400000,0x00000000e0ef87d0,0x00000000e0f00000)
  to   space 15872K, 0% used [0x00000000e3d80000,0x00000000e3d80000,0x00000000e4d00000)
 ParOldGen       total 88064K, used 23772K [0x0000000081c00000, 0x0000000087200000, 0x00000000d5f00000)
  object space 88064K, 26% used [0x0000000081c00000,0x00000000833373c8,0x0000000087200000)
 Metaspace       used 51330K, capacity 52736K, committed 53168K, reserved 1095680K
  class space    used 6921K, capacity 7227K, committed 7344K, reserved 1048576K
}
Event: 6.413 GC heap before
{Heap before GC invocations=12 (full 2):
 PSYoungGen      total 180224K, used 180193K [0x00000000d5f00000, 0x00000000e4d00000, 0x0000000100000000)
  eden space 168960K, 100% used [0x00000000d5f00000,0x00000000e0400000,0x00000000e0400000)
  from space 11264K, 99% used [0x00000000e0400000,0x00000000e0ef87d0,0x00000000e0f00000)
  to   space 15872K, 0% used [0x00000000e3d80000,0x00000000e3d80000,0x00000000e4d00000)
 ParOldGen       total 88064K, used 23772K [0x0000000081c00000, 0x0000000087200000, 0x00000000d5f00000)
  object space 88064K, 26% used [0x0000000081c00000,0x00000000833373c8,0x0000000087200000)
 Metaspace       used 55611K, capacity 57630K, committed 57904K, reserved 1099776K
  class space    used 7508K, capacity 7888K, committed 7984K, reserved 1048576K
Event: 6.437 GC heap after
Heap after GC invocations=12 (full 2):
 PSYoungGen      total 226304K, used 15391K [0x00000000d5f00000, 0x00000000e5080000, 0x0000000100000000)
  eden space 210432K, 0% used [0x00000000d5f00000,0x00000000d5f00000,0x00000000e2c80000)
  from space 15872K, 96% used [0x00000000e3d80000,0x00000000e4c87d30,0x00000000e4d00000)
  to   space 17408K, 0% used [0x00000000e2c80000,0x00000000e2c80000,0x00000000e3d80000)
 ParOldGen       total 88064K, used 23780K [0x0000000081c00000, 0x0000000087200000, 0x00000000d5f00000)
  object space 88064K, 27% used [0x0000000081c00000,0x00000000833393c8,0x0000000087200000)
 Metaspace       used 55611K, capacity 57630K, committed 57904K, reserved 1099776K
  class space    used 7508K, capacity 7888K, committed 7984K, reserved 1048576K
}

Deoptimization events (10 events):
Event: 5.334 Thread 0x00000000026ce800 Uncommon trap: reason=unstable_if action=reinterpret pc=0x0000000003506cf0 method=java.util.concurrent.ConcurrentHashMap.putVal(Ljava/lang/Object;Ljava/lang/Object;Z)Ljava/lang/Object; @ 331
Event: 5.498 Thread 0x00000000026ce800 Uncommon trap: reason=class_check action=maybe_recompile pc=0x00000000032bb248 method=org.springframework.core.annotation.AnnotationUtils.getDeclaredAnnotations(Ljava/lang/reflect/AnnotatedElement;)[Ljava/lang/annotation/Annotation; @ 33
Event: 5.580 Thread 0x00000000026ce800 Uncommon trap: reason=null_check action=make_not_entrant pc=0x0000000003333e98 method=org.springframework.util.ClassUtils.isAssignable(Ljava/lang/Class;Ljava/lang/Class;)Z @ 14
Event: 5.823 Thread 0x00000000026ce800 Uncommon trap: reason=unstable_if action=reinterpret pc=0x0000000002c68818 method=java.util.concurrent.ConcurrentHashMap.transfer([Ljava/util/concurrent/ConcurrentHashMap$Node;[Ljava/util/concurrent/ConcurrentHashMap$Node;)V @ 356
Event: 5.824 Thread 0x00000000026ce800 Uncommon trap: reason=unstable_if action=reinterpret pc=0x0000000002bf15ec method=java.util.concurrent.ConcurrentHashMap.transfer([Ljava/util/concurrent/ConcurrentHashMap$Node;[Ljava/util/concurrent/ConcurrentHashMap$Node;)V @ 356
Event: 5.867 Thread 0x00000000026ce800 Uncommon trap: reason=unstable_if action=reinterpret pc=0x00000000035abe0c method=java.util.WeakHashMap.put(Ljava/lang/Object;Ljava/lang/Object;)Ljava/lang/Object; @ 47
Event: 5.987 Thread 0x00000000026ce800 Uncommon trap: reason=unstable_if action=reinterpret pc=0x00000000029a5b2c method=java.util.concurrent.ConcurrentHashMap.get(Ljava/lang/Object;)Ljava/lang/Object; @ 86
Event: 6.111 Thread 0x00000000026ce800 Uncommon trap: reason=null_check action=make_not_entrant pc=0x0000000002c3cc88 method=org.springframework.core.annotation.AnnotatedElementUtils.searchWithGetSemanticsInAnnotations(Ljava/lang/reflect/AnnotatedElement;Ljava/util/List;Ljava/util/Set;Ljava/la
Event: 6.287 Thread 0x00000000026ce800 Uncommon trap: reason=unstable_if action=reinterpret pc=0x00000000038378f0 method=org.springframework.beans.factory.support.AbstractBeanFactory.isTypeMatch(Ljava/lang/String;Lorg/springframework/core/ResolvableType;)Z @ 26
Event: 6.472 Thread 0x00000000026ce800 Uncommon trap: reason=null_check action=make_not_entrant pc=0x00000000037789f0 method=java.lang.Class.privateGetDeclaredConstructors(Z)[Ljava/lang/reflect/Constructor; @ 35

Classes redefined (0 events):
No events

Internal exceptions (10 events):
Event: 6.478 Thread 0x00000000026ce800 Exception <a 'java/lang/ClassNotFoundException': org/springframework/beans/factory/BeanFactoryAwareCustomizer> (0x00000000d67af4e0) thrown at [C:\re\workspace\8-2-build-windows-amd64-cygwin\jdk8u181\11358\hotspot\src\share\vm\classfile\systemDictionary.cp
Event: 6.479 Thread 0x00000000026ce800 Exception <a 'java/lang/ClassNotFoundException': org/springframework/beans/factory/AwareCustomizer> (0x00000000d67c9a70) thrown at [C:\re\workspace\8-2-build-windows-amd64-cygwin\jdk8u181\11358\hotspot\src\share\vm\classfile\systemDictionary.cpp, line 210
Event: 6.482 Thread 0x00000000026ce800 Exception <a 'java/lang/ClassNotFoundException': java/lang/ObjectCustomizer> (0x00000000d67e73a8) thrown at [C:\re\workspace\8-2-build-windows-amd64-cygwin\jdk8u181\11358\hotspot\src\share\vm\classfile\systemDictionary.cpp, line 210]
Event: 6.482 Thread 0x00000000026ce800 Exception <a 'java/lang/ClassNotFoundException': org/springframework/boot/autoconfigure/gson/GsonPropertiesCustomizer> (0x00000000d680a2f8) thrown at [C:\re\workspace\8-2-build-windows-amd64-cygwin\jdk8u181\11358\hotspot\src\share\vm\classfile\systemDicti
Event: 6.488 Thread 0x00000000026ce800 Exception <a 'java/lang/ClassNotFoundException': java/lang/ObjectCustomizer> (0x00000000d68a5948) thrown at [C:\re\workspace\8-2-build-windows-amd64-cygwin\jdk8u181\11358\hotspot\src\share\vm\classfile\systemDictionary.cpp, line 210]
Event: 6.489 Thread 0x00000000026ce800 Exception <a 'java/lang/ClassNotFoundException': org/springframework/boot/autoconfigure/gson/GsonAutoConfiguration$StandardGsonBuilderCustomizerCustomizer> (0x00000000d68d4000) thrown at [C:\re\workspace\8-2-build-windows-amd64-cygwin\jdk8u181\11358\hotsp
Event: 6.489 Thread 0x00000000026ce800 Exception <a 'java/lang/ClassNotFoundException': org/springframework/boot/autoconfigure/gson/GsonBuilderCustomizerCustomizer> (0x00000000d68fa350) thrown at [C:\re\workspace\8-2-build-windows-amd64-cygwin\jdk8u181\11358\hotspot\src\share\vm\classfile\syst
Event: 6.490 Thread 0x00000000026ce800 Exception <a 'java/lang/ClassNotFoundException': org/springframework/core/OrderedCustomizer> (0x00000000d6911750) thrown at [C:\re\workspace\8-2-build-windows-amd64-cygwin\jdk8u181\11358\hotspot\src\share\vm\classfile\systemDictionary.cpp, line 210]
Event: 6.503 Thread 0x00000000026ce800 Exception <a 'java/lang/ClassNotFoundException': com/google/gson/GsonBuilderBeanInfo> (0x00000000d6a2b0f8) thrown at [C:\re\workspace\8-2-build-windows-amd64-cygwin\jdk8u181\11358\hotspot\src\share\vm\classfile\systemDictionary.cpp, line 210]
Event: 6.503 Thread 0x00000000026ce800 Exception <a 'java/lang/ClassNotFoundException': com/google/gson/GsonBuilderCustomizer> (0x00000000d6a3fd20) thrown at [C:\re\workspace\8-2-build-windows-amd64-cygwin\jdk8u181\11358\hotspot\src\share\vm\classfile\systemDictionary.cpp, line 210]

Events (10 events):
Event: 6.532 loading class java/util/concurrent/atomic/AtomicLongArray
Event: 6.532 loading class java/util/concurrent/atomic/AtomicLongArray done
Event: 6.532 loading class com/google/gson/Gson$5
Event: 6.532 loading class com/google/gson/Gson$5 done
Event: 6.532 loading class com/google/gson/internal/bind/DateTypeAdapter
Event: 6.532 loading class com/google/gson/internal/bind/DateTypeAdapter done
Event: 6.533 loading class com/google/gson/internal/bind/DateTypeAdapter$1
Event: 6.533 loading class com/google/gson/internal/bind/DateTypeAdapter$1 done
Event: 6.533 loading class com/google/gson/internal/bind/TimeTypeAdapter
Event: 6.533 loading class com/google/gson/internal/bind/TimeTypeAdapter done


Dynamic libraries:
0x00007ff6d07f0000 - 0x00007ff6d0827000 	C:\Program Files\Java\jdk1.8.0_181\jre\bin\java.exe
0x00007ffb79080000 - 0x00007ffb7926d000 	C:\WINDOWS\SYSTEM32\ntdll.dll
0x00007ffb76ea0000 - 0x00007ffb76f53000 	C:\WINDOWS\System32\KERNEL32.DLL
0x00007ffb75140000 - 0x00007ffb753d3000 	C:\WINDOWS\System32\KERNELBASE.dll
0x00007ffb78fa0000 - 0x00007ffb79043000 	C:\WINDOWS\System32\ADVAPI32.dll
0x00007ffb76e00000 - 0x00007ffb76e9e000 	C:\WINDOWS\System32\msvcrt.dll
0x00007ffb78d60000 - 0x00007ffb78dfe000 	C:\WINDOWS\System32\sechost.dll
0x00007ffb78bd0000 - 0x00007ffb78cf2000 	C:\WINDOWS\System32\RPCRT4.dll
0x00007ffb78960000 - 0x00007ffb78af7000 	C:\WINDOWS\System32\USER32.dll
0x00007ffb76280000 - 0x00007ffb762a0000 	C:\WINDOWS\System32\win32u.dll
0x00007ffb76b40000 - 0x00007ffb76b69000 	C:\WINDOWS\System32\GDI32.dll
0x00007ffb75e40000 - 0x00007ffb75fd9000 	C:\WINDOWS\System32\gdi32full.dll
0x00007ffb75b60000 - 0x00007ffb75c00000 	C:\WINDOWS\System32\msvcp_win.dll
0x00007ffb760e0000 - 0x00007ffb761da000 	C:\WINDOWS\System32\ucrtbase.dll
0x00007ffb61340000 - 0x00007ffb615b9000 	C:\WINDOWS\WinSxS\amd64_microsoft.windows.common-controls_6595b64144ccf1df_6.0.17763.737_none_05b6437c071e554b\COMCTL32.dll
0x00007ffb784c0000 - 0x00007ffb787ec000 	C:\WINDOWS\System32\combase.dll
0x00007ffb761e0000 - 0x00007ffb7625e000 	C:\WINDOWS\System32\bcryptPrimitives.dll
0x00007ffb78f60000 - 0x00007ffb78f8e000 	C:\WINDOWS\System32\IMM32.DLL
0x000000005be90000 - 0x000000005bf62000 	C:\Program Files\Java\jdk1.8.0_181\jre\bin\msvcr100.dll
0x000000005b5e0000 - 0x000000005be82000 	C:\Program Files\Java\jdk1.8.0_181\jre\bin\server\jvm.dll
0x00007ffb762a0000 - 0x00007ffb762a8000 	C:\WINDOWS\System32\PSAPI.DLL
0x00007ffb70a20000 - 0x00007ffb70a29000 	C:\WINDOWS\SYSTEM32\WSOCK32.dll
0x00007ffb76b70000 - 0x00007ffb76bdd000 	C:\WINDOWS\System32\WS2_32.dll
0x00007ffb69ef0000 - 0x00007ffb69efa000 	C:\WINDOWS\SYSTEM32\VERSION.dll
0x00007ffb6d000000 - 0x00007ffb6d024000 	C:\WINDOWS\SYSTEM32\WINMM.dll
0x00007ffb6b0d0000 - 0x00007ffb6b0fd000 	C:\WINDOWS\SYSTEM32\winmmbase.dll
0x00007ffb76090000 - 0x00007ffb760da000 	C:\WINDOWS\System32\cfgmgr32.dll
0x000000005b5d0000 - 0x000000005b5df000 	C:\Program Files\Java\jdk1.8.0_181\jre\bin\verify.dll
0x000000005b5a0000 - 0x000000005b5c9000 	C:\Program Files\Java\jdk1.8.0_181\jre\bin\java.dll
0x000000005b580000 - 0x000000005b596000 	C:\Program Files\Java\jdk1.8.0_181\jre\bin\zip.dll
0x00007ffb76f60000 - 0x00007ffb78452000 	C:\WINDOWS\System32\SHELL32.dll
0x00007ffb78b00000 - 0x00007ffb78ba8000 	C:\WINDOWS\System32\shcore.dll
0x00007ffb75410000 - 0x00007ffb75b5a000 	C:\WINDOWS\System32\windows.storage.dll
0x00007ffb75070000 - 0x00007ffb75094000 	C:\WINDOWS\System32\profapi.dll
0x00007ffb750c0000 - 0x00007ffb7511d000 	C:\WINDOWS\System32\powrprof.dll
0x00007ffb78d00000 - 0x00007ffb78d52000 	C:\WINDOWS\System32\shlwapi.dll
0x00007ffb75120000 - 0x00007ffb75131000 	C:\WINDOWS\System32\kernel.appcore.dll
0x00007ffb76260000 - 0x00007ffb76277000 	C:\WINDOWS\System32\cryptsp.dll
0x000000005b530000 - 0x000000005b53d000 	C:\Program Files\Java\jdk1.8.0_181\jre\bin\management.dll
0x000000005b560000 - 0x000000005b57a000 	C:\Program Files\Java\jdk1.8.0_181\jre\bin\net.dll
0x00007ffb74880000 - 0x00007ffb748e7000 	C:\WINDOWS\system32\mswsock.dll
0x000000005b540000 - 0x000000005b551000 	C:\Program Files\Java\jdk1.8.0_181\jre\bin\nio.dll
0x00007ffb64cb0000 - 0x00007ffb64cc6000 	C:\WINDOWS\system32\napinsp.dll
0x00007ffb64c90000 - 0x00007ffb64caa000 	C:\WINDOWS\system32\pnrpnsp.dll
0x00007ffb745e0000 - 0x00007ffb746a6000 	C:\WINDOWS\SYSTEM32\DNSAPI.dll
0x00007ffb76c40000 - 0x00007ffb76c48000 	C:\WINDOWS\System32\NSI.dll
0x00007ffb745a0000 - 0x00007ffb745dd000 	C:\WINDOWS\SYSTEM32\IPHLPAPI.DLL
0x00007ffb6b0c0000 - 0x00007ffb6b0ce000 	C:\WINDOWS\System32\winrnr.dll
0x00007ffb70dd0000 - 0x00007ffb70deb000 	C:\WINDOWS\system32\NLAapi.dll
0x00007ffb6f070000 - 0x00007ffb6f085000 	C:\WINDOWS\system32\wshbth.dll
0x00007ffb6e300000 - 0x00007ffb6e30a000 	C:\Windows\System32\rasadhlp.dll
0x00007ffb6e4a0000 - 0x00007ffb6e519000 	C:\WINDOWS\System32\fwpuclnt.dll
0x00007ffb753e0000 - 0x00007ffb75406000 	C:\WINDOWS\System32\bcrypt.dll
0x000000005b500000 - 0x000000005b524000 	C:\Program Files\Java\jdk1.8.0_181\jre\bin\sunec.dll
0x00007ffb6ea10000 - 0x00007ffb6ea26000 	C:\WINDOWS\SYSTEM32\dhcpcsvc6.DLL
0x00007ffb6e9f0000 - 0x00007ffb6ea0c000 	C:\WINDOWS\SYSTEM32\dhcpcsvc.DLL
0x00007ffb74400000 - 0x00007ffb74433000 	C:\WINDOWS\system32\rsaenh.dll
0x00007ffb74f70000 - 0x00007ffb74f98000 	C:\WINDOWS\SYSTEM32\USERENV.dll
0x00007ffb74a50000 - 0x00007ffb74a5c000 	C:\WINDOWS\SYSTEM32\CRYPTBASE.dll
0x000000005b4f0000 - 0x000000005b4fb000 	C:\Program Files\Java\jdk1.8.0_181\jre\bin\sunmscapi.dll
0x00007ffb75c00000 - 0x00007ffb75ddb000 	C:\WINDOWS\System32\CRYPT32.dll
0x00007ffb750a0000 - 0x00007ffb750b2000 	C:\WINDOWS\System32\MSASN1.dll

VM Arguments:
java_command: C:\Users\vipul\AppData\Local\Temp\surefire5630141843011207072\surefirebooter3644952841387898939.jar C:\Users\vipul\AppData\Local\Temp\surefire5630141843011207072 2019-09-18T17-40-52_829-jvmRun1 surefire2037208441971589359tmp surefire_05621201997843784786tmp
java_class_path (initial): C:\Users\vipul\AppData\Local\Temp\surefire5630141843011207072\surefirebooter3644952841387898939.jar
Launcher Type: SUN_STANDARD

Environment Variables:
JAVA_HOME=C:\Program Files\Java\jdk1.8.0_181
JRE_HOME=C:\Program Files\Java\jre1.8.0_211
PATH=C:\Python27\;C:\Python27\Scripts;C:\Program Files (x86)\Common Files\Oracle\Java\javapath;C:\WINDOWS\system32;C:\WINDOWS;C:\WINDOWS\System32\Wbem;C:\WINDOWS\System32\WindowsPowerShell\v1.0\;C:\WINDOWS\System32\OpenSSH\;C:\Program Files\PuTTY\;C:\Program Files\Git\cmd;C:\ProgramData\chocolatey\bin;C:\Program Files\TortoiseGit\bin;C:\Program Files\nodejs\;C:\Users\vipul\AppData\Local\Microsoft\WindowsApps;C:\Users\vipul\AppData\Local\Programs\Microsoft VS Code\bin;D:\Vipul\Softwares\apache-maven-3.5.4\bin;C:\Program Files\nodejs\node_modules\npm\bin;C:\Users\vipul\AppData\Roaming\npm
USERNAME=vipul
OS=Windows_NT
PROCESSOR_IDENTIFIER=Intel64 Family 6 Model 42 Stepping 7, GenuineIntel



---------------  S Y S T E M  ---------------

OS: Windows 10.0 , 64 bit Build 17763 (10.0.17763.475)

CPU:total 4 (initial active 4) (4 cores per cpu, 1 threads per core) family 6 model 42 stepping 7, cmov, cx8, fxsr, mmx, sse, sse2, sse3, ssse3, sse4.1, sse4.2, popcnt, avx, aes, clmul, tsc, tscinvbit

Memory: 4k page, physical 8266800k(947772k free), swap 12329996k(6736k free)

vm_info: Java HotSpot(TM) 64-Bit Server VM (25.181-b13) for windows-amd64 JRE (1.8.0_181-b13), built on Jul  7 2018 04:01:33 by "java_re" with MS VC++ 10.0 (VS2010)

time: Wed Sep 18 17:41:00 2019
elapsed time: 6 seconds (0d 0h 0m 6s)

